[2025-01-02T00:11:45.871+0000] {processor.py:186} INFO - Started process (PID=746) to work on /opt/airflow/dags/reddit_dag.py
[2025-01-02T00:11:45.874+0000] {processor.py:914} INFO - Processing file /opt/airflow/dags/reddit_dag.py for tasks to queue
[2025-01-02T00:11:45.879+0000] {logging_mixin.py:190} INFO - [2025-01-02T00:11:45.878+0000] {dagbag.py:588} INFO - Filling up the DagBag from /opt/airflow/dags/reddit_dag.py
[2025-01-02T00:11:46.850+0000] {processor.py:925} INFO - DAG(s) 'etl_reddit_pipeline' retrieved from /opt/airflow/dags/reddit_dag.py
[2025-01-02T00:11:47.880+0000] {logging_mixin.py:190} INFO - [2025-01-02T00:11:47.879+0000] {dag.py:3239} INFO - Sync 1 DAGs
[2025-01-02T00:11:47.914+0000] {logging_mixin.py:190} INFO - [2025-01-02T00:11:47.914+0000] {dag.py:4180} INFO - Setting next_dagrun for etl_reddit_pipeline to 2025-01-02 00:00:00+00:00, run_after=2025-01-03 00:00:00+00:00
[2025-01-02T00:11:47.941+0000] {processor.py:208} INFO - Processing /opt/airflow/dags/reddit_dag.py took 2.090 seconds
[2025-01-02T00:12:18.393+0000] {processor.py:186} INFO - Started process (PID=748) to work on /opt/airflow/dags/reddit_dag.py
[2025-01-02T00:12:18.398+0000] {processor.py:914} INFO - Processing file /opt/airflow/dags/reddit_dag.py for tasks to queue
[2025-01-02T00:12:18.406+0000] {logging_mixin.py:190} INFO - [2025-01-02T00:12:18.404+0000] {dagbag.py:588} INFO - Filling up the DagBag from /opt/airflow/dags/reddit_dag.py
[2025-01-02T00:12:20.961+0000] {processor.py:925} INFO - DAG(s) 'etl_reddit_pipeline' retrieved from /opt/airflow/dags/reddit_dag.py
[2025-01-02T00:12:21.063+0000] {logging_mixin.py:190} INFO - [2025-01-02T00:12:21.061+0000] {dag.py:3239} INFO - Sync 1 DAGs
[2025-01-02T00:12:21.163+0000] {logging_mixin.py:190} INFO - [2025-01-02T00:12:21.162+0000] {dag.py:4180} INFO - Setting next_dagrun for etl_reddit_pipeline to 2025-01-02 00:00:00+00:00, run_after=2025-01-03 00:00:00+00:00
[2025-01-02T00:12:21.237+0000] {processor.py:208} INFO - Processing /opt/airflow/dags/reddit_dag.py took 2.886 seconds
[2025-01-02T00:16:10.848+0000] {processor.py:186} INFO - Started process (PID=750) to work on /opt/airflow/dags/reddit_dag.py
[2025-01-02T00:16:10.850+0000] {processor.py:914} INFO - Processing file /opt/airflow/dags/reddit_dag.py for tasks to queue
[2025-01-02T00:16:10.855+0000] {logging_mixin.py:190} INFO - [2025-01-02T00:16:10.854+0000] {dagbag.py:588} INFO - Filling up the DagBag from /opt/airflow/dags/reddit_dag.py
[2025-01-02T00:16:11.738+0000] {processor.py:925} INFO - DAG(s) 'etl_reddit_pipeline' retrieved from /opt/airflow/dags/reddit_dag.py
[2025-01-02T00:16:11.793+0000] {logging_mixin.py:190} INFO - [2025-01-02T00:16:11.792+0000] {dag.py:3239} INFO - Sync 1 DAGs
[2025-01-02T00:16:11.836+0000] {logging_mixin.py:190} INFO - [2025-01-02T00:16:11.835+0000] {dag.py:4180} INFO - Setting next_dagrun for etl_reddit_pipeline to 2025-01-02 00:00:00+00:00, run_after=2025-01-03 00:00:00+00:00
[2025-01-02T00:16:11.865+0000] {processor.py:208} INFO - Processing /opt/airflow/dags/reddit_dag.py took 1.037 seconds
[2025-01-02T00:16:42.389+0000] {processor.py:186} INFO - Started process (PID=752) to work on /opt/airflow/dags/reddit_dag.py
[2025-01-02T00:16:42.393+0000] {processor.py:914} INFO - Processing file /opt/airflow/dags/reddit_dag.py for tasks to queue
[2025-01-02T00:16:42.400+0000] {logging_mixin.py:190} INFO - [2025-01-02T00:16:42.399+0000] {dagbag.py:588} INFO - Filling up the DagBag from /opt/airflow/dags/reddit_dag.py
[2025-01-02T00:16:44.882+0000] {processor.py:925} INFO - DAG(s) 'etl_reddit_pipeline' retrieved from /opt/airflow/dags/reddit_dag.py
[2025-01-02T00:16:44.986+0000] {logging_mixin.py:190} INFO - [2025-01-02T00:16:44.985+0000] {dag.py:3239} INFO - Sync 1 DAGs
[2025-01-02T00:16:45.086+0000] {logging_mixin.py:190} INFO - [2025-01-02T00:16:45.085+0000] {dag.py:4180} INFO - Setting next_dagrun for etl_reddit_pipeline to 2025-01-02 00:00:00+00:00, run_after=2025-01-03 00:00:00+00:00
[2025-01-02T00:16:45.160+0000] {processor.py:208} INFO - Processing /opt/airflow/dags/reddit_dag.py took 2.804 seconds
[2025-01-02T00:34:48.726+0000] {processor.py:186} INFO - Started process (PID=754) to work on /opt/airflow/dags/reddit_dag.py
[2025-01-02T00:34:48.728+0000] {processor.py:914} INFO - Processing file /opt/airflow/dags/reddit_dag.py for tasks to queue
[2025-01-02T00:34:48.731+0000] {logging_mixin.py:190} INFO - [2025-01-02T00:34:48.730+0000] {dagbag.py:588} INFO - Filling up the DagBag from /opt/airflow/dags/reddit_dag.py
[2025-01-02T00:34:49.475+0000] {processor.py:925} INFO - DAG(s) 'etl_reddit_pipeline' retrieved from /opt/airflow/dags/reddit_dag.py
[2025-01-02T00:34:49.502+0000] {logging_mixin.py:190} INFO - [2025-01-02T00:34:49.501+0000] {dag.py:3239} INFO - Sync 1 DAGs
[2025-01-02T00:34:49.523+0000] {logging_mixin.py:190} INFO - [2025-01-02T00:34:49.523+0000] {dag.py:4180} INFO - Setting next_dagrun for etl_reddit_pipeline to 2025-01-02 00:00:00+00:00, run_after=2025-01-03 00:00:00+00:00
[2025-01-02T00:34:49.541+0000] {processor.py:208} INFO - Processing /opt/airflow/dags/reddit_dag.py took 0.833 seconds
[2025-01-02T00:35:20.139+0000] {processor.py:186} INFO - Started process (PID=756) to work on /opt/airflow/dags/reddit_dag.py
[2025-01-02T00:35:20.145+0000] {processor.py:914} INFO - Processing file /opt/airflow/dags/reddit_dag.py for tasks to queue
[2025-01-02T00:35:20.155+0000] {logging_mixin.py:190} INFO - [2025-01-02T00:35:20.152+0000] {dagbag.py:588} INFO - Filling up the DagBag from /opt/airflow/dags/reddit_dag.py
[2025-01-02T00:35:22.635+0000] {processor.py:925} INFO - DAG(s) 'etl_reddit_pipeline' retrieved from /opt/airflow/dags/reddit_dag.py
[2025-01-02T00:35:22.738+0000] {logging_mixin.py:190} INFO - [2025-01-02T00:35:22.736+0000] {dag.py:3239} INFO - Sync 1 DAGs
[2025-01-02T00:35:22.842+0000] {logging_mixin.py:190} INFO - [2025-01-02T00:35:22.841+0000] {dag.py:4180} INFO - Setting next_dagrun for etl_reddit_pipeline to 2025-01-02 00:00:00+00:00, run_after=2025-01-03 00:00:00+00:00
[2025-01-02T00:35:22.916+0000] {processor.py:208} INFO - Processing /opt/airflow/dags/reddit_dag.py took 2.814 seconds
[2025-01-02T00:53:22.723+0000] {processor.py:186} INFO - Started process (PID=758) to work on /opt/airflow/dags/reddit_dag.py
[2025-01-02T00:53:22.725+0000] {processor.py:914} INFO - Processing file /opt/airflow/dags/reddit_dag.py for tasks to queue
[2025-01-02T00:53:22.729+0000] {logging_mixin.py:190} INFO - [2025-01-02T00:53:22.728+0000] {dagbag.py:588} INFO - Filling up the DagBag from /opt/airflow/dags/reddit_dag.py
[2025-01-02T00:53:23.751+0000] {processor.py:925} INFO - DAG(s) 'etl_reddit_pipeline' retrieved from /opt/airflow/dags/reddit_dag.py
[2025-01-02T00:53:23.788+0000] {logging_mixin.py:190} INFO - [2025-01-02T00:53:23.787+0000] {dag.py:3239} INFO - Sync 1 DAGs
[2025-01-02T00:53:23.817+0000] {logging_mixin.py:190} INFO - [2025-01-02T00:53:23.817+0000] {dag.py:4180} INFO - Setting next_dagrun for etl_reddit_pipeline to 2025-01-02 00:00:00+00:00, run_after=2025-01-03 00:00:00+00:00
[2025-01-02T00:53:23.835+0000] {processor.py:208} INFO - Processing /opt/airflow/dags/reddit_dag.py took 1.133 seconds
[2025-01-02T00:53:54.420+0000] {processor.py:186} INFO - Started process (PID=760) to work on /opt/airflow/dags/reddit_dag.py
[2025-01-02T00:53:54.425+0000] {processor.py:914} INFO - Processing file /opt/airflow/dags/reddit_dag.py for tasks to queue
[2025-01-02T00:53:54.432+0000] {logging_mixin.py:190} INFO - [2025-01-02T00:53:54.431+0000] {dagbag.py:588} INFO - Filling up the DagBag from /opt/airflow/dags/reddit_dag.py
[2025-01-02T00:53:56.914+0000] {processor.py:925} INFO - DAG(s) 'etl_reddit_pipeline' retrieved from /opt/airflow/dags/reddit_dag.py
[2025-01-02T00:53:57.019+0000] {logging_mixin.py:190} INFO - [2025-01-02T00:53:57.017+0000] {dag.py:3239} INFO - Sync 1 DAGs
[2025-01-02T00:53:57.121+0000] {logging_mixin.py:190} INFO - [2025-01-02T00:53:57.120+0000] {dag.py:4180} INFO - Setting next_dagrun for etl_reddit_pipeline to 2025-01-02 00:00:00+00:00, run_after=2025-01-03 00:00:00+00:00
[2025-01-02T00:53:57.193+0000] {processor.py:208} INFO - Processing /opt/airflow/dags/reddit_dag.py took 2.808 seconds
[2025-01-02T01:10:10.705+0000] {processor.py:186} INFO - Started process (PID=762) to work on /opt/airflow/dags/reddit_dag.py
[2025-01-02T01:10:10.711+0000] {processor.py:914} INFO - Processing file /opt/airflow/dags/reddit_dag.py for tasks to queue
[2025-01-02T01:10:10.736+0000] {logging_mixin.py:190} INFO - [2025-01-02T01:10:10.735+0000] {dagbag.py:588} INFO - Filling up the DagBag from /opt/airflow/dags/reddit_dag.py
[2025-01-02T01:10:11.685+0000] {processor.py:925} INFO - DAG(s) 'etl_reddit_pipeline' retrieved from /opt/airflow/dags/reddit_dag.py
[2025-01-02T01:10:11.712+0000] {logging_mixin.py:190} INFO - [2025-01-02T01:10:11.712+0000] {dag.py:3239} INFO - Sync 1 DAGs
[2025-01-02T01:10:11.736+0000] {logging_mixin.py:190} INFO - [2025-01-02T01:10:11.735+0000] {dag.py:4180} INFO - Setting next_dagrun for etl_reddit_pipeline to 2025-01-02 00:00:00+00:00, run_after=2025-01-03 00:00:00+00:00
[2025-01-02T01:10:11.767+0000] {processor.py:208} INFO - Processing /opt/airflow/dags/reddit_dag.py took 1.075 seconds
[2025-01-02T01:10:42.310+0000] {processor.py:186} INFO - Started process (PID=764) to work on /opt/airflow/dags/reddit_dag.py
[2025-01-02T01:10:42.314+0000] {processor.py:914} INFO - Processing file /opt/airflow/dags/reddit_dag.py for tasks to queue
[2025-01-02T01:10:42.323+0000] {logging_mixin.py:190} INFO - [2025-01-02T01:10:42.321+0000] {dagbag.py:588} INFO - Filling up the DagBag from /opt/airflow/dags/reddit_dag.py
[2025-01-02T01:10:44.799+0000] {processor.py:925} INFO - DAG(s) 'etl_reddit_pipeline' retrieved from /opt/airflow/dags/reddit_dag.py
[2025-01-02T01:10:44.905+0000] {logging_mixin.py:190} INFO - [2025-01-02T01:10:44.903+0000] {dag.py:3239} INFO - Sync 1 DAGs
[2025-01-02T01:10:45.007+0000] {logging_mixin.py:190} INFO - [2025-01-02T01:10:45.006+0000] {dag.py:4180} INFO - Setting next_dagrun for etl_reddit_pipeline to 2025-01-02 00:00:00+00:00, run_after=2025-01-03 00:00:00+00:00
[2025-01-02T01:10:45.080+0000] {processor.py:208} INFO - Processing /opt/airflow/dags/reddit_dag.py took 2.805 seconds
[2025-01-02T01:17:11.736+0000] {processor.py:186} INFO - Started process (PID=766) to work on /opt/airflow/dags/reddit_dag.py
[2025-01-02T01:17:11.737+0000] {processor.py:914} INFO - Processing file /opt/airflow/dags/reddit_dag.py for tasks to queue
[2025-01-02T01:17:11.740+0000] {logging_mixin.py:190} INFO - [2025-01-02T01:17:11.739+0000] {dagbag.py:588} INFO - Filling up the DagBag from /opt/airflow/dags/reddit_dag.py
[2025-01-02T01:17:12.365+0000] {processor.py:925} INFO - DAG(s) 'etl_reddit_pipeline' retrieved from /opt/airflow/dags/reddit_dag.py
[2025-01-02T01:17:12.387+0000] {logging_mixin.py:190} INFO - [2025-01-02T01:17:12.387+0000] {dag.py:3239} INFO - Sync 1 DAGs
[2025-01-02T01:17:12.408+0000] {logging_mixin.py:190} INFO - [2025-01-02T01:17:12.408+0000] {dag.py:4180} INFO - Setting next_dagrun for etl_reddit_pipeline to 2025-01-02 00:00:00+00:00, run_after=2025-01-03 00:00:00+00:00
[2025-01-02T01:17:12.425+0000] {processor.py:208} INFO - Processing /opt/airflow/dags/reddit_dag.py took 0.701 seconds
[2025-01-02T01:17:42.992+0000] {processor.py:186} INFO - Started process (PID=768) to work on /opt/airflow/dags/reddit_dag.py
[2025-01-02T01:17:42.997+0000] {processor.py:914} INFO - Processing file /opt/airflow/dags/reddit_dag.py for tasks to queue
[2025-01-02T01:17:43.005+0000] {logging_mixin.py:190} INFO - [2025-01-02T01:17:43.003+0000] {dagbag.py:588} INFO - Filling up the DagBag from /opt/airflow/dags/reddit_dag.py
[2025-01-02T01:17:45.504+0000] {processor.py:925} INFO - DAG(s) 'etl_reddit_pipeline' retrieved from /opt/airflow/dags/reddit_dag.py
[2025-01-02T01:17:45.610+0000] {logging_mixin.py:190} INFO - [2025-01-02T01:17:45.608+0000] {dag.py:3239} INFO - Sync 1 DAGs
[2025-01-02T01:17:45.714+0000] {logging_mixin.py:190} INFO - [2025-01-02T01:17:45.714+0000] {dag.py:4180} INFO - Setting next_dagrun for etl_reddit_pipeline to 2025-01-02 00:00:00+00:00, run_after=2025-01-03 00:00:00+00:00
[2025-01-02T01:17:45.787+0000] {processor.py:208} INFO - Processing /opt/airflow/dags/reddit_dag.py took 2.829 seconds
[2025-01-02T01:34:19.762+0000] {processor.py:186} INFO - Started process (PID=770) to work on /opt/airflow/dags/reddit_dag.py
[2025-01-02T01:34:19.763+0000] {processor.py:914} INFO - Processing file /opt/airflow/dags/reddit_dag.py for tasks to queue
[2025-01-02T01:34:19.765+0000] {logging_mixin.py:190} INFO - [2025-01-02T01:34:19.765+0000] {dagbag.py:588} INFO - Filling up the DagBag from /opt/airflow/dags/reddit_dag.py
[2025-01-02T01:34:20.478+0000] {processor.py:925} INFO - DAG(s) 'etl_reddit_pipeline' retrieved from /opt/airflow/dags/reddit_dag.py
[2025-01-02T01:34:20.510+0000] {logging_mixin.py:190} INFO - [2025-01-02T01:34:20.509+0000] {dag.py:3239} INFO - Sync 1 DAGs
[2025-01-02T01:34:20.542+0000] {logging_mixin.py:190} INFO - [2025-01-02T01:34:20.542+0000] {dag.py:4180} INFO - Setting next_dagrun for etl_reddit_pipeline to 2025-01-02 00:00:00+00:00, run_after=2025-01-03 00:00:00+00:00
[2025-01-02T01:34:20.563+0000] {processor.py:208} INFO - Processing /opt/airflow/dags/reddit_dag.py took 0.813 seconds
[2025-01-02T01:34:51.003+0000] {processor.py:186} INFO - Started process (PID=772) to work on /opt/airflow/dags/reddit_dag.py
[2025-01-02T01:34:51.008+0000] {processor.py:914} INFO - Processing file /opt/airflow/dags/reddit_dag.py for tasks to queue
[2025-01-02T01:34:51.015+0000] {logging_mixin.py:190} INFO - [2025-01-02T01:34:51.014+0000] {dagbag.py:588} INFO - Filling up the DagBag from /opt/airflow/dags/reddit_dag.py
[2025-01-02T01:34:53.976+0000] {processor.py:925} INFO - DAG(s) 'etl_reddit_pipeline' retrieved from /opt/airflow/dags/reddit_dag.py
[2025-01-02T01:34:54.104+0000] {logging_mixin.py:190} INFO - [2025-01-02T01:34:54.102+0000] {dag.py:3239} INFO - Sync 1 DAGs
[2025-01-02T01:34:54.233+0000] {logging_mixin.py:190} INFO - [2025-01-02T01:34:54.232+0000] {dag.py:4180} INFO - Setting next_dagrun for etl_reddit_pipeline to 2025-01-02 00:00:00+00:00, run_after=2025-01-03 00:00:00+00:00
[2025-01-02T01:34:54.326+0000] {processor.py:208} INFO - Processing /opt/airflow/dags/reddit_dag.py took 3.362 seconds
[2025-01-02T01:52:59.654+0000] {processor.py:186} INFO - Started process (PID=774) to work on /opt/airflow/dags/reddit_dag.py
[2025-01-02T01:52:59.656+0000] {processor.py:914} INFO - Processing file /opt/airflow/dags/reddit_dag.py for tasks to queue
[2025-01-02T01:52:59.660+0000] {logging_mixin.py:190} INFO - [2025-01-02T01:52:59.659+0000] {dagbag.py:588} INFO - Filling up the DagBag from /opt/airflow/dags/reddit_dag.py
[2025-01-02T01:53:00.393+0000] {processor.py:925} INFO - DAG(s) 'etl_reddit_pipeline' retrieved from /opt/airflow/dags/reddit_dag.py
[2025-01-02T01:53:00.424+0000] {logging_mixin.py:190} INFO - [2025-01-02T01:53:00.423+0000] {dag.py:3239} INFO - Sync 1 DAGs
[2025-01-02T01:53:00.457+0000] {logging_mixin.py:190} INFO - [2025-01-02T01:53:00.457+0000] {dag.py:4180} INFO - Setting next_dagrun for etl_reddit_pipeline to 2025-01-02 00:00:00+00:00, run_after=2025-01-03 00:00:00+00:00
[2025-01-02T01:53:00.478+0000] {processor.py:208} INFO - Processing /opt/airflow/dags/reddit_dag.py took 0.845 seconds
[2025-01-02T01:53:31.227+0000] {processor.py:186} INFO - Started process (PID=776) to work on /opt/airflow/dags/reddit_dag.py
[2025-01-02T01:53:31.232+0000] {processor.py:914} INFO - Processing file /opt/airflow/dags/reddit_dag.py for tasks to queue
[2025-01-02T01:53:31.240+0000] {logging_mixin.py:190} INFO - [2025-01-02T01:53:31.239+0000] {dagbag.py:588} INFO - Filling up the DagBag from /opt/airflow/dags/reddit_dag.py
[2025-01-02T01:53:33.716+0000] {processor.py:925} INFO - DAG(s) 'etl_reddit_pipeline' retrieved from /opt/airflow/dags/reddit_dag.py
[2025-01-02T01:53:33.818+0000] {logging_mixin.py:190} INFO - [2025-01-02T01:53:33.816+0000] {dag.py:3239} INFO - Sync 1 DAGs
[2025-01-02T01:53:33.918+0000] {logging_mixin.py:190} INFO - [2025-01-02T01:53:33.917+0000] {dag.py:4180} INFO - Setting next_dagrun for etl_reddit_pipeline to 2025-01-02 00:00:00+00:00, run_after=2025-01-03 00:00:00+00:00
[2025-01-02T01:53:33.991+0000] {processor.py:208} INFO - Processing /opt/airflow/dags/reddit_dag.py took 2.811 seconds
[2025-01-02T02:11:05.412+0000] {processor.py:186} INFO - Started process (PID=778) to work on /opt/airflow/dags/reddit_dag.py
[2025-01-02T02:11:05.415+0000] {processor.py:914} INFO - Processing file /opt/airflow/dags/reddit_dag.py for tasks to queue
[2025-01-02T02:11:05.416+0000] {logging_mixin.py:190} INFO - [2025-01-02T02:11:05.416+0000] {dagbag.py:588} INFO - Filling up the DagBag from /opt/airflow/dags/reddit_dag.py
[2025-01-02T02:11:06.566+0000] {processor.py:925} INFO - DAG(s) 'etl_reddit_pipeline' retrieved from /opt/airflow/dags/reddit_dag.py
[2025-01-02T02:11:06.594+0000] {logging_mixin.py:190} INFO - [2025-01-02T02:11:06.593+0000] {dag.py:3239} INFO - Sync 1 DAGs
[2025-01-02T02:11:06.622+0000] {logging_mixin.py:190} INFO - [2025-01-02T02:11:06.621+0000] {dag.py:4180} INFO - Setting next_dagrun for etl_reddit_pipeline to 2025-01-02 00:00:00+00:00, run_after=2025-01-03 00:00:00+00:00
[2025-01-02T02:11:06.642+0000] {processor.py:208} INFO - Processing /opt/airflow/dags/reddit_dag.py took 1.270 seconds
[2025-01-02T02:11:37.022+0000] {processor.py:186} INFO - Started process (PID=780) to work on /opt/airflow/dags/reddit_dag.py
[2025-01-02T02:11:37.027+0000] {processor.py:914} INFO - Processing file /opt/airflow/dags/reddit_dag.py for tasks to queue
[2025-01-02T02:11:37.035+0000] {logging_mixin.py:190} INFO - [2025-01-02T02:11:37.033+0000] {dagbag.py:588} INFO - Filling up the DagBag from /opt/airflow/dags/reddit_dag.py
[2025-01-02T02:11:39.518+0000] {processor.py:925} INFO - DAG(s) 'etl_reddit_pipeline' retrieved from /opt/airflow/dags/reddit_dag.py
[2025-01-02T02:11:39.622+0000] {logging_mixin.py:190} INFO - [2025-01-02T02:11:39.621+0000] {dag.py:3239} INFO - Sync 1 DAGs
[2025-01-02T02:11:39.727+0000] {logging_mixin.py:190} INFO - [2025-01-02T02:11:39.726+0000] {dag.py:4180} INFO - Setting next_dagrun for etl_reddit_pipeline to 2025-01-02 00:00:00+00:00, run_after=2025-01-03 00:00:00+00:00
[2025-01-02T02:11:39.805+0000] {processor.py:208} INFO - Processing /opt/airflow/dags/reddit_dag.py took 2.818 seconds
[2025-01-02T02:18:12.806+0000] {processor.py:186} INFO - Started process (PID=782) to work on /opt/airflow/dags/reddit_dag.py
[2025-01-02T02:18:12.808+0000] {processor.py:914} INFO - Processing file /opt/airflow/dags/reddit_dag.py for tasks to queue
[2025-01-02T02:18:12.811+0000] {logging_mixin.py:190} INFO - [2025-01-02T02:18:12.811+0000] {dagbag.py:588} INFO - Filling up the DagBag from /opt/airflow/dags/reddit_dag.py
[2025-01-02T02:18:13.577+0000] {processor.py:925} INFO - DAG(s) 'etl_reddit_pipeline' retrieved from /opt/airflow/dags/reddit_dag.py
[2025-01-02T02:18:13.621+0000] {logging_mixin.py:190} INFO - [2025-01-02T02:18:13.620+0000] {dag.py:3239} INFO - Sync 1 DAGs
[2025-01-02T02:18:13.658+0000] {logging_mixin.py:190} INFO - [2025-01-02T02:18:13.657+0000] {dag.py:4180} INFO - Setting next_dagrun for etl_reddit_pipeline to 2025-01-02 00:00:00+00:00, run_after=2025-01-03 00:00:00+00:00
[2025-01-02T02:18:13.687+0000] {processor.py:208} INFO - Processing /opt/airflow/dags/reddit_dag.py took 0.892 seconds
[2025-01-02T02:18:44.282+0000] {processor.py:186} INFO - Started process (PID=784) to work on /opt/airflow/dags/reddit_dag.py
[2025-01-02T02:18:44.286+0000] {processor.py:914} INFO - Processing file /opt/airflow/dags/reddit_dag.py for tasks to queue
[2025-01-02T02:18:44.295+0000] {logging_mixin.py:190} INFO - [2025-01-02T02:18:44.293+0000] {dagbag.py:588} INFO - Filling up the DagBag from /opt/airflow/dags/reddit_dag.py
[2025-01-02T02:18:46.789+0000] {processor.py:925} INFO - DAG(s) 'etl_reddit_pipeline' retrieved from /opt/airflow/dags/reddit_dag.py
[2025-01-02T02:18:46.891+0000] {logging_mixin.py:190} INFO - [2025-01-02T02:18:46.889+0000] {dag.py:3239} INFO - Sync 1 DAGs
[2025-01-02T02:18:46.992+0000] {logging_mixin.py:190} INFO - [2025-01-02T02:18:46.991+0000] {dag.py:4180} INFO - Setting next_dagrun for etl_reddit_pipeline to 2025-01-02 00:00:00+00:00, run_after=2025-01-03 00:00:00+00:00
[2025-01-02T02:18:47.065+0000] {processor.py:208} INFO - Processing /opt/airflow/dags/reddit_dag.py took 2.827 seconds
[2025-01-02T02:36:15.804+0000] {processor.py:186} INFO - Started process (PID=786) to work on /opt/airflow/dags/reddit_dag.py
[2025-01-02T02:36:15.806+0000] {processor.py:914} INFO - Processing file /opt/airflow/dags/reddit_dag.py for tasks to queue
[2025-01-02T02:36:15.812+0000] {logging_mixin.py:190} INFO - [2025-01-02T02:36:15.811+0000] {dagbag.py:588} INFO - Filling up the DagBag from /opt/airflow/dags/reddit_dag.py
[2025-01-02T02:36:16.693+0000] {processor.py:925} INFO - DAG(s) 'etl_reddit_pipeline' retrieved from /opt/airflow/dags/reddit_dag.py
[2025-01-02T02:36:16.714+0000] {logging_mixin.py:190} INFO - [2025-01-02T02:36:16.713+0000] {dag.py:3239} INFO - Sync 1 DAGs
[2025-01-02T02:36:16.731+0000] {logging_mixin.py:190} INFO - [2025-01-02T02:36:16.731+0000] {dag.py:4180} INFO - Setting next_dagrun for etl_reddit_pipeline to 2025-01-02 00:00:00+00:00, run_after=2025-01-03 00:00:00+00:00
[2025-01-02T02:36:16.745+0000] {processor.py:208} INFO - Processing /opt/airflow/dags/reddit_dag.py took 0.959 seconds
[2025-01-02T02:36:47.483+0000] {processor.py:186} INFO - Started process (PID=788) to work on /opt/airflow/dags/reddit_dag.py
[2025-01-02T02:36:47.488+0000] {processor.py:914} INFO - Processing file /opt/airflow/dags/reddit_dag.py for tasks to queue
[2025-01-02T02:36:47.497+0000] {logging_mixin.py:190} INFO - [2025-01-02T02:36:47.495+0000] {dagbag.py:588} INFO - Filling up the DagBag from /opt/airflow/dags/reddit_dag.py
[2025-01-02T02:36:50.007+0000] {processor.py:925} INFO - DAG(s) 'etl_reddit_pipeline' retrieved from /opt/airflow/dags/reddit_dag.py
[2025-01-02T02:36:50.110+0000] {logging_mixin.py:190} INFO - [2025-01-02T02:36:50.109+0000] {dag.py:3239} INFO - Sync 1 DAGs
[2025-01-02T02:36:50.213+0000] {logging_mixin.py:190} INFO - [2025-01-02T02:36:50.212+0000] {dag.py:4180} INFO - Setting next_dagrun for etl_reddit_pipeline to 2025-01-02 00:00:00+00:00, run_after=2025-01-03 00:00:00+00:00
[2025-01-02T02:36:50.285+0000] {processor.py:208} INFO - Processing /opt/airflow/dags/reddit_dag.py took 2.840 seconds
[2025-01-02T02:54:03.908+0000] {processor.py:186} INFO - Started process (PID=790) to work on /opt/airflow/dags/reddit_dag.py
[2025-01-02T02:54:03.910+0000] {processor.py:914} INFO - Processing file /opt/airflow/dags/reddit_dag.py for tasks to queue
[2025-01-02T02:54:03.914+0000] {logging_mixin.py:190} INFO - [2025-01-02T02:54:03.914+0000] {dagbag.py:588} INFO - Filling up the DagBag from /opt/airflow/dags/reddit_dag.py
[2025-01-02T02:54:05.732+0000] {processor.py:925} INFO - DAG(s) 'etl_reddit_pipeline' retrieved from /opt/airflow/dags/reddit_dag.py
[2025-01-02T02:54:05.867+0000] {logging_mixin.py:190} INFO - [2025-01-02T02:54:05.867+0000] {dag.py:3239} INFO - Sync 1 DAGs
[2025-01-02T02:54:06.233+0000] {logging_mixin.py:190} INFO - [2025-01-02T02:54:06.232+0000] {dag.py:4180} INFO - Setting next_dagrun for etl_reddit_pipeline to 2025-01-02 00:00:00+00:00, run_after=2025-01-03 00:00:00+00:00
[2025-01-02T02:54:06.273+0000] {processor.py:208} INFO - Processing /opt/airflow/dags/reddit_dag.py took 2.379 seconds
[2025-01-02T02:54:36.961+0000] {processor.py:186} INFO - Started process (PID=792) to work on /opt/airflow/dags/reddit_dag.py
[2025-01-02T02:54:36.965+0000] {processor.py:914} INFO - Processing file /opt/airflow/dags/reddit_dag.py for tasks to queue
[2025-01-02T02:54:36.977+0000] {logging_mixin.py:190} INFO - [2025-01-02T02:54:36.971+0000] {dagbag.py:588} INFO - Filling up the DagBag from /opt/airflow/dags/reddit_dag.py
[2025-01-02T02:54:39.514+0000] {processor.py:925} INFO - DAG(s) 'etl_reddit_pipeline' retrieved from /opt/airflow/dags/reddit_dag.py
[2025-01-02T02:54:39.618+0000] {logging_mixin.py:190} INFO - [2025-01-02T02:54:39.617+0000] {dag.py:3239} INFO - Sync 1 DAGs
[2025-01-02T02:54:39.734+0000] {logging_mixin.py:190} INFO - [2025-01-02T02:54:39.733+0000] {dag.py:4180} INFO - Setting next_dagrun for etl_reddit_pipeline to 2025-01-02 00:00:00+00:00, run_after=2025-01-03 00:00:00+00:00
[2025-01-02T02:54:39.812+0000] {processor.py:208} INFO - Processing /opt/airflow/dags/reddit_dag.py took 2.900 seconds
[2025-01-02T03:10:39.445+0000] {processor.py:186} INFO - Started process (PID=796) to work on /opt/airflow/dags/reddit_dag.py
[2025-01-02T03:10:39.447+0000] {processor.py:914} INFO - Processing file /opt/airflow/dags/reddit_dag.py for tasks to queue
[2025-01-02T03:10:39.448+0000] {logging_mixin.py:190} INFO - [2025-01-02T03:10:39.448+0000] {dagbag.py:588} INFO - Filling up the DagBag from /opt/airflow/dags/reddit_dag.py
[2025-01-02T03:10:39.960+0000] {processor.py:925} INFO - DAG(s) 'etl_reddit_pipeline' retrieved from /opt/airflow/dags/reddit_dag.py
[2025-01-02T03:10:39.988+0000] {logging_mixin.py:190} INFO - [2025-01-02T03:10:39.988+0000] {dag.py:3239} INFO - Sync 1 DAGs
[2025-01-02T03:10:40.019+0000] {logging_mixin.py:190} INFO - [2025-01-02T03:10:40.018+0000] {dag.py:4180} INFO - Setting next_dagrun for etl_reddit_pipeline to 2025-01-02 00:00:00+00:00, run_after=2025-01-03 00:00:00+00:00
[2025-01-02T03:10:40.039+0000] {processor.py:208} INFO - Processing /opt/airflow/dags/reddit_dag.py took 0.601 seconds
[2025-01-02T03:11:10.607+0000] {processor.py:186} INFO - Started process (PID=798) to work on /opt/airflow/dags/reddit_dag.py
[2025-01-02T03:11:10.613+0000] {processor.py:914} INFO - Processing file /opt/airflow/dags/reddit_dag.py for tasks to queue
[2025-01-02T03:11:10.620+0000] {logging_mixin.py:190} INFO - [2025-01-02T03:11:10.619+0000] {dagbag.py:588} INFO - Filling up the DagBag from /opt/airflow/dags/reddit_dag.py
[2025-01-02T03:11:12.710+0000] {processor.py:925} INFO - DAG(s) 'etl_reddit_pipeline' retrieved from /opt/airflow/dags/reddit_dag.py
[2025-01-02T03:11:12.830+0000] {logging_mixin.py:190} INFO - [2025-01-02T03:11:12.829+0000] {dag.py:3239} INFO - Sync 1 DAGs
[2025-01-02T03:11:12.945+0000] {logging_mixin.py:190} INFO - [2025-01-02T03:11:12.944+0000] {dag.py:4180} INFO - Setting next_dagrun for etl_reddit_pipeline to 2025-01-02 00:00:00+00:00, run_after=2025-01-03 00:00:00+00:00
[2025-01-02T03:11:13.022+0000] {processor.py:208} INFO - Processing /opt/airflow/dags/reddit_dag.py took 2.452 seconds
[2025-01-02T03:19:14.248+0000] {processor.py:186} INFO - Started process (PID=802) to work on /opt/airflow/dags/reddit_dag.py
[2025-01-02T03:19:14.249+0000] {processor.py:914} INFO - Processing file /opt/airflow/dags/reddit_dag.py for tasks to queue
[2025-01-02T03:19:14.251+0000] {logging_mixin.py:190} INFO - [2025-01-02T03:19:14.251+0000] {dagbag.py:588} INFO - Filling up the DagBag from /opt/airflow/dags/reddit_dag.py
[2025-01-02T03:19:14.824+0000] {processor.py:925} INFO - DAG(s) 'etl_reddit_pipeline' retrieved from /opt/airflow/dags/reddit_dag.py
[2025-01-02T03:19:14.868+0000] {logging_mixin.py:190} INFO - [2025-01-02T03:19:14.867+0000] {dag.py:3239} INFO - Sync 1 DAGs
[2025-01-02T03:19:14.905+0000] {logging_mixin.py:190} INFO - [2025-01-02T03:19:14.905+0000] {dag.py:4180} INFO - Setting next_dagrun for etl_reddit_pipeline to 2025-01-02 00:00:00+00:00, run_after=2025-01-03 00:00:00+00:00
[2025-01-02T03:19:14.931+0000] {processor.py:208} INFO - Processing /opt/airflow/dags/reddit_dag.py took 0.690 seconds
[2025-01-02T03:19:45.524+0000] {processor.py:186} INFO - Started process (PID=804) to work on /opt/airflow/dags/reddit_dag.py
[2025-01-02T03:19:45.529+0000] {processor.py:914} INFO - Processing file /opt/airflow/dags/reddit_dag.py for tasks to queue
[2025-01-02T03:19:45.537+0000] {logging_mixin.py:190} INFO - [2025-01-02T03:19:45.535+0000] {dagbag.py:588} INFO - Filling up the DagBag from /opt/airflow/dags/reddit_dag.py
[2025-01-02T03:19:47.606+0000] {processor.py:925} INFO - DAG(s) 'etl_reddit_pipeline' retrieved from /opt/airflow/dags/reddit_dag.py
[2025-01-02T03:19:47.727+0000] {logging_mixin.py:190} INFO - [2025-01-02T03:19:47.725+0000] {dag.py:3239} INFO - Sync 1 DAGs
[2025-01-02T03:19:47.845+0000] {logging_mixin.py:190} INFO - [2025-01-02T03:19:47.844+0000] {dag.py:4180} INFO - Setting next_dagrun for etl_reddit_pipeline to 2025-01-02 00:00:00+00:00, run_after=2025-01-03 00:00:00+00:00
[2025-01-02T03:19:47.922+0000] {processor.py:208} INFO - Processing /opt/airflow/dags/reddit_dag.py took 2.435 seconds
[2025-01-02T03:36:50.354+0000] {processor.py:186} INFO - Started process (PID=807) to work on /opt/airflow/dags/reddit_dag.py
[2025-01-02T03:36:50.356+0000] {processor.py:914} INFO - Processing file /opt/airflow/dags/reddit_dag.py for tasks to queue
[2025-01-02T03:36:50.358+0000] {logging_mixin.py:190} INFO - [2025-01-02T03:36:50.357+0000] {dagbag.py:588} INFO - Filling up the DagBag from /opt/airflow/dags/reddit_dag.py
[2025-01-02T03:36:50.879+0000] {processor.py:925} INFO - DAG(s) 'etl_reddit_pipeline' retrieved from /opt/airflow/dags/reddit_dag.py
[2025-01-02T03:36:50.946+0000] {logging_mixin.py:190} INFO - [2025-01-02T03:36:50.945+0000] {dag.py:3239} INFO - Sync 1 DAGs
[2025-01-02T03:36:51.054+0000] {logging_mixin.py:190} INFO - [2025-01-02T03:36:51.053+0000] {dag.py:4180} INFO - Setting next_dagrun for etl_reddit_pipeline to 2025-01-02 00:00:00+00:00, run_after=2025-01-03 00:00:00+00:00
[2025-01-02T03:36:51.092+0000] {processor.py:208} INFO - Processing /opt/airflow/dags/reddit_dag.py took 0.747 seconds
[2025-01-02T03:37:21.686+0000] {processor.py:186} INFO - Started process (PID=809) to work on /opt/airflow/dags/reddit_dag.py
[2025-01-02T03:37:21.691+0000] {processor.py:914} INFO - Processing file /opt/airflow/dags/reddit_dag.py for tasks to queue
[2025-01-02T03:37:21.699+0000] {logging_mixin.py:190} INFO - [2025-01-02T03:37:21.698+0000] {dagbag.py:588} INFO - Filling up the DagBag from /opt/airflow/dags/reddit_dag.py
[2025-01-02T03:37:23.785+0000] {processor.py:925} INFO - DAG(s) 'etl_reddit_pipeline' retrieved from /opt/airflow/dags/reddit_dag.py
[2025-01-02T03:37:23.917+0000] {logging_mixin.py:190} INFO - [2025-01-02T03:37:23.916+0000] {dag.py:3239} INFO - Sync 1 DAGs
[2025-01-02T03:37:24.035+0000] {logging_mixin.py:190} INFO - [2025-01-02T03:37:24.034+0000] {dag.py:4180} INFO - Setting next_dagrun for etl_reddit_pipeline to 2025-01-02 00:00:00+00:00, run_after=2025-01-03 00:00:00+00:00
[2025-01-02T03:37:24.114+0000] {processor.py:208} INFO - Processing /opt/airflow/dags/reddit_dag.py took 2.463 seconds
[2025-01-02T03:53:36.444+0000] {processor.py:186} INFO - Started process (PID=811) to work on /opt/airflow/dags/reddit_dag.py
[2025-01-02T03:53:36.445+0000] {processor.py:914} INFO - Processing file /opt/airflow/dags/reddit_dag.py for tasks to queue
[2025-01-02T03:53:36.448+0000] {logging_mixin.py:190} INFO - [2025-01-02T03:53:36.447+0000] {dagbag.py:588} INFO - Filling up the DagBag from /opt/airflow/dags/reddit_dag.py
[2025-01-02T03:53:37.722+0000] {processor.py:925} INFO - DAG(s) 'etl_reddit_pipeline' retrieved from /opt/airflow/dags/reddit_dag.py
[2025-01-02T03:53:37.748+0000] {logging_mixin.py:190} INFO - [2025-01-02T03:53:37.748+0000] {dag.py:3239} INFO - Sync 1 DAGs
[2025-01-02T03:53:37.773+0000] {logging_mixin.py:190} INFO - [2025-01-02T03:53:37.772+0000] {dag.py:4180} INFO - Setting next_dagrun for etl_reddit_pipeline to 2025-01-02 00:00:00+00:00, run_after=2025-01-03 00:00:00+00:00
[2025-01-02T03:53:37.790+0000] {processor.py:208} INFO - Processing /opt/airflow/dags/reddit_dag.py took 1.354 seconds
[2025-01-02T03:54:08.010+0000] {processor.py:186} INFO - Started process (PID=813) to work on /opt/airflow/dags/reddit_dag.py
[2025-01-02T03:54:08.016+0000] {processor.py:914} INFO - Processing file /opt/airflow/dags/reddit_dag.py for tasks to queue
[2025-01-02T03:54:08.025+0000] {logging_mixin.py:190} INFO - [2025-01-02T03:54:08.023+0000] {dagbag.py:588} INFO - Filling up the DagBag from /opt/airflow/dags/reddit_dag.py
[2025-01-02T03:54:10.155+0000] {processor.py:925} INFO - DAG(s) 'etl_reddit_pipeline' retrieved from /opt/airflow/dags/reddit_dag.py
[2025-01-02T03:54:10.318+0000] {logging_mixin.py:190} INFO - [2025-01-02T03:54:10.316+0000] {dag.py:3239} INFO - Sync 1 DAGs
[2025-01-02T03:54:10.446+0000] {logging_mixin.py:190} INFO - [2025-01-02T03:54:10.445+0000] {dag.py:4180} INFO - Setting next_dagrun for etl_reddit_pipeline to 2025-01-02 00:00:00+00:00, run_after=2025-01-03 00:00:00+00:00
[2025-01-02T03:54:10.529+0000] {processor.py:208} INFO - Processing /opt/airflow/dags/reddit_dag.py took 2.562 seconds
[2025-01-02T04:00:01.782+0000] {processor.py:186} INFO - Started process (PID=815) to work on /opt/airflow/dags/reddit_dag.py
[2025-01-02T04:00:01.784+0000] {processor.py:914} INFO - Processing file /opt/airflow/dags/reddit_dag.py for tasks to queue
[2025-01-02T04:00:01.787+0000] {logging_mixin.py:190} INFO - [2025-01-02T04:00:01.787+0000] {dagbag.py:588} INFO - Filling up the DagBag from /opt/airflow/dags/reddit_dag.py
[2025-01-02T04:00:02.335+0000] {processor.py:925} INFO - DAG(s) 'etl_reddit_pipeline' retrieved from /opt/airflow/dags/reddit_dag.py
[2025-01-02T04:00:02.372+0000] {logging_mixin.py:190} INFO - [2025-01-02T04:00:02.372+0000] {dag.py:3239} INFO - Sync 1 DAGs
[2025-01-02T04:00:02.409+0000] {logging_mixin.py:190} INFO - [2025-01-02T04:00:02.408+0000] {dag.py:4180} INFO - Setting next_dagrun for etl_reddit_pipeline to 2025-01-02 00:00:00+00:00, run_after=2025-01-03 00:00:00+00:00
[2025-01-02T04:00:02.431+0000] {processor.py:208} INFO - Processing /opt/airflow/dags/reddit_dag.py took 0.663 seconds
[2025-01-02T04:00:32.954+0000] {processor.py:186} INFO - Started process (PID=817) to work on /opt/airflow/dags/reddit_dag.py
[2025-01-02T04:00:32.958+0000] {processor.py:914} INFO - Processing file /opt/airflow/dags/reddit_dag.py for tasks to queue
[2025-01-02T04:00:32.966+0000] {logging_mixin.py:190} INFO - [2025-01-02T04:00:32.964+0000] {dagbag.py:588} INFO - Filling up the DagBag from /opt/airflow/dags/reddit_dag.py
[2025-01-02T04:00:35.000+0000] {processor.py:925} INFO - DAG(s) 'etl_reddit_pipeline' retrieved from /opt/airflow/dags/reddit_dag.py
[2025-01-02T04:00:35.124+0000] {logging_mixin.py:190} INFO - [2025-01-02T04:00:35.123+0000] {dag.py:3239} INFO - Sync 1 DAGs
[2025-01-02T04:00:35.246+0000] {logging_mixin.py:190} INFO - [2025-01-02T04:00:35.245+0000] {dag.py:4180} INFO - Setting next_dagrun for etl_reddit_pipeline to 2025-01-02 00:00:00+00:00, run_after=2025-01-03 00:00:00+00:00
[2025-01-02T04:00:35.385+0000] {processor.py:208} INFO - Processing /opt/airflow/dags/reddit_dag.py took 2.465 seconds
[2025-01-02T04:18:47.851+0000] {processor.py:186} INFO - Started process (PID=819) to work on /opt/airflow/dags/reddit_dag.py
[2025-01-02T04:18:47.855+0000] {processor.py:914} INFO - Processing file /opt/airflow/dags/reddit_dag.py for tasks to queue
[2025-01-02T04:18:47.861+0000] {logging_mixin.py:190} INFO - [2025-01-02T04:18:47.860+0000] {dagbag.py:588} INFO - Filling up the DagBag from /opt/airflow/dags/reddit_dag.py
[2025-01-02T04:18:48.427+0000] {processor.py:925} INFO - DAG(s) 'etl_reddit_pipeline' retrieved from /opt/airflow/dags/reddit_dag.py
[2025-01-02T04:18:48.460+0000] {logging_mixin.py:190} INFO - [2025-01-02T04:18:48.459+0000] {dag.py:3239} INFO - Sync 1 DAGs
[2025-01-02T04:18:48.486+0000] {logging_mixin.py:190} INFO - [2025-01-02T04:18:48.486+0000] {dag.py:4180} INFO - Setting next_dagrun for etl_reddit_pipeline to 2025-01-02 00:00:00+00:00, run_after=2025-01-03 00:00:00+00:00
[2025-01-02T04:18:48.508+0000] {processor.py:208} INFO - Processing /opt/airflow/dags/reddit_dag.py took 0.671 seconds
[2025-01-02T04:19:19.114+0000] {processor.py:186} INFO - Started process (PID=821) to work on /opt/airflow/dags/reddit_dag.py
[2025-01-02T04:19:19.134+0000] {processor.py:914} INFO - Processing file /opt/airflow/dags/reddit_dag.py for tasks to queue
[2025-01-02T04:19:19.159+0000] {logging_mixin.py:190} INFO - [2025-01-02T04:19:19.157+0000] {dagbag.py:588} INFO - Filling up the DagBag from /opt/airflow/dags/reddit_dag.py
[2025-01-02T04:19:21.180+0000] {processor.py:925} INFO - DAG(s) 'etl_reddit_pipeline' retrieved from /opt/airflow/dags/reddit_dag.py
[2025-01-02T04:19:21.309+0000] {logging_mixin.py:190} INFO - [2025-01-02T04:19:21.308+0000] {dag.py:3239} INFO - Sync 1 DAGs
[2025-01-02T04:19:21.430+0000] {logging_mixin.py:190} INFO - [2025-01-02T04:19:21.429+0000] {dag.py:4180} INFO - Setting next_dagrun for etl_reddit_pipeline to 2025-01-02 00:00:00+00:00, run_after=2025-01-03 00:00:00+00:00
[2025-01-02T04:19:21.516+0000] {processor.py:208} INFO - Processing /opt/airflow/dags/reddit_dag.py took 2.439 seconds
[2025-01-02T04:37:02.873+0000] {processor.py:186} INFO - Started process (PID=823) to work on /opt/airflow/dags/reddit_dag.py
[2025-01-02T04:37:02.874+0000] {processor.py:914} INFO - Processing file /opt/airflow/dags/reddit_dag.py for tasks to queue
[2025-01-02T04:37:02.878+0000] {logging_mixin.py:190} INFO - [2025-01-02T04:37:02.877+0000] {dagbag.py:588} INFO - Filling up the DagBag from /opt/airflow/dags/reddit_dag.py
[2025-01-02T04:37:03.590+0000] {processor.py:925} INFO - DAG(s) 'etl_reddit_pipeline' retrieved from /opt/airflow/dags/reddit_dag.py
[2025-01-02T04:37:03.635+0000] {logging_mixin.py:190} INFO - [2025-01-02T04:37:03.635+0000] {dag.py:3239} INFO - Sync 1 DAGs
[2025-01-02T04:37:03.677+0000] {logging_mixin.py:190} INFO - [2025-01-02T04:37:03.676+0000] {dag.py:4180} INFO - Setting next_dagrun for etl_reddit_pipeline to 2025-01-02 00:00:00+00:00, run_after=2025-01-03 00:00:00+00:00
[2025-01-02T04:37:03.703+0000] {processor.py:208} INFO - Processing /opt/airflow/dags/reddit_dag.py took 0.845 seconds
[2025-01-02T04:37:34.294+0000] {processor.py:186} INFO - Started process (PID=825) to work on /opt/airflow/dags/reddit_dag.py
[2025-01-02T04:37:34.299+0000] {processor.py:914} INFO - Processing file /opt/airflow/dags/reddit_dag.py for tasks to queue
[2025-01-02T04:37:34.309+0000] {logging_mixin.py:190} INFO - [2025-01-02T04:37:34.307+0000] {dagbag.py:588} INFO - Filling up the DagBag from /opt/airflow/dags/reddit_dag.py
[2025-01-02T04:37:36.498+0000] {processor.py:925} INFO - DAG(s) 'etl_reddit_pipeline' retrieved from /opt/airflow/dags/reddit_dag.py
[2025-01-02T04:37:36.623+0000] {logging_mixin.py:190} INFO - [2025-01-02T04:37:36.621+0000] {dag.py:3239} INFO - Sync 1 DAGs
[2025-01-02T04:37:36.747+0000] {logging_mixin.py:190} INFO - [2025-01-02T04:37:36.746+0000] {dag.py:4180} INFO - Setting next_dagrun for etl_reddit_pipeline to 2025-01-02 00:00:00+00:00, run_after=2025-01-03 00:00:00+00:00
[2025-01-02T04:37:36.833+0000] {processor.py:208} INFO - Processing /opt/airflow/dags/reddit_dag.py took 2.576 seconds
[2025-01-02T04:55:46.843+0000] {processor.py:186} INFO - Started process (PID=827) to work on /opt/airflow/dags/reddit_dag.py
[2025-01-02T04:55:46.845+0000] {processor.py:914} INFO - Processing file /opt/airflow/dags/reddit_dag.py for tasks to queue
[2025-01-02T04:55:46.848+0000] {logging_mixin.py:190} INFO - [2025-01-02T04:55:46.847+0000] {dagbag.py:588} INFO - Filling up the DagBag from /opt/airflow/dags/reddit_dag.py
[2025-01-02T04:55:47.691+0000] {processor.py:925} INFO - DAG(s) 'etl_reddit_pipeline' retrieved from /opt/airflow/dags/reddit_dag.py
[2025-01-02T04:55:47.863+0000] {logging_mixin.py:190} INFO - [2025-01-02T04:55:47.861+0000] {dag.py:3239} INFO - Sync 1 DAGs
[2025-01-02T04:55:48.009+0000] {logging_mixin.py:190} INFO - [2025-01-02T04:55:48.008+0000] {dag.py:4180} INFO - Setting next_dagrun for etl_reddit_pipeline to 2025-01-02 00:00:00+00:00, run_after=2025-01-03 00:00:00+00:00
[2025-01-02T04:55:48.105+0000] {processor.py:208} INFO - Processing /opt/airflow/dags/reddit_dag.py took 1.308 seconds
[2025-01-02T04:56:18.517+0000] {processor.py:186} INFO - Started process (PID=829) to work on /opt/airflow/dags/reddit_dag.py
[2025-01-02T04:56:18.522+0000] {processor.py:914} INFO - Processing file /opt/airflow/dags/reddit_dag.py for tasks to queue
[2025-01-02T04:56:18.530+0000] {logging_mixin.py:190} INFO - [2025-01-02T04:56:18.528+0000] {dagbag.py:588} INFO - Filling up the DagBag from /opt/airflow/dags/reddit_dag.py
[2025-01-02T04:56:20.667+0000] {processor.py:925} INFO - DAG(s) 'etl_reddit_pipeline' retrieved from /opt/airflow/dags/reddit_dag.py
[2025-01-02T04:56:20.816+0000] {logging_mixin.py:190} INFO - [2025-01-02T04:56:20.814+0000] {dag.py:3239} INFO - Sync 1 DAGs
[2025-01-02T04:56:21.018+0000] {logging_mixin.py:190} INFO - [2025-01-02T04:56:21.016+0000] {dag.py:4180} INFO - Setting next_dagrun for etl_reddit_pipeline to 2025-01-02 00:00:00+00:00, run_after=2025-01-03 00:00:00+00:00
[2025-01-02T04:56:21.108+0000] {processor.py:208} INFO - Processing /opt/airflow/dags/reddit_dag.py took 2.636 seconds
[2025-01-02T05:13:49.564+0000] {processor.py:186} INFO - Started process (PID=831) to work on /opt/airflow/dags/reddit_dag.py
[2025-01-02T05:13:49.566+0000] {processor.py:914} INFO - Processing file /opt/airflow/dags/reddit_dag.py for tasks to queue
[2025-01-02T05:13:49.569+0000] {logging_mixin.py:190} INFO - [2025-01-02T05:13:49.568+0000] {dagbag.py:588} INFO - Filling up the DagBag from /opt/airflow/dags/reddit_dag.py
[2025-01-02T05:13:50.335+0000] {processor.py:925} INFO - DAG(s) 'etl_reddit_pipeline' retrieved from /opt/airflow/dags/reddit_dag.py
[2025-01-02T05:13:50.383+0000] {logging_mixin.py:190} INFO - [2025-01-02T05:13:50.382+0000] {dag.py:3239} INFO - Sync 1 DAGs
[2025-01-02T05:13:50.427+0000] {logging_mixin.py:190} INFO - [2025-01-02T05:13:50.427+0000] {dag.py:4180} INFO - Setting next_dagrun for etl_reddit_pipeline to 2025-01-02 00:00:00+00:00, run_after=2025-01-03 00:00:00+00:00
[2025-01-02T05:13:50.453+0000] {processor.py:208} INFO - Processing /opt/airflow/dags/reddit_dag.py took 0.911 seconds
[2025-01-02T05:14:21.310+0000] {processor.py:186} INFO - Started process (PID=833) to work on /opt/airflow/dags/reddit_dag.py
[2025-01-02T05:14:21.315+0000] {processor.py:914} INFO - Processing file /opt/airflow/dags/reddit_dag.py for tasks to queue
[2025-01-02T05:14:21.326+0000] {logging_mixin.py:190} INFO - [2025-01-02T05:14:21.325+0000] {dagbag.py:588} INFO - Filling up the DagBag from /opt/airflow/dags/reddit_dag.py
[2025-01-02T05:14:23.529+0000] {processor.py:925} INFO - DAG(s) 'etl_reddit_pipeline' retrieved from /opt/airflow/dags/reddit_dag.py
[2025-01-02T05:14:23.653+0000] {logging_mixin.py:190} INFO - [2025-01-02T05:14:23.651+0000] {dag.py:3239} INFO - Sync 1 DAGs
[2025-01-02T05:14:23.784+0000] {logging_mixin.py:190} INFO - [2025-01-02T05:14:23.782+0000] {dag.py:4180} INFO - Setting next_dagrun for etl_reddit_pipeline to 2025-01-02 00:00:00+00:00, run_after=2025-01-03 00:00:00+00:00
[2025-01-02T05:14:23.861+0000] {processor.py:208} INFO - Processing /opt/airflow/dags/reddit_dag.py took 2.588 seconds
[2025-01-02T05:20:15.693+0000] {processor.py:186} INFO - Started process (PID=835) to work on /opt/airflow/dags/reddit_dag.py
[2025-01-02T05:20:15.695+0000] {processor.py:914} INFO - Processing file /opt/airflow/dags/reddit_dag.py for tasks to queue
[2025-01-02T05:20:15.699+0000] {logging_mixin.py:190} INFO - [2025-01-02T05:20:15.698+0000] {dagbag.py:588} INFO - Filling up the DagBag from /opt/airflow/dags/reddit_dag.py
[2025-01-02T05:20:16.249+0000] {processor.py:925} INFO - DAG(s) 'etl_reddit_pipeline' retrieved from /opt/airflow/dags/reddit_dag.py
[2025-01-02T05:20:16.276+0000] {logging_mixin.py:190} INFO - [2025-01-02T05:20:16.276+0000] {dag.py:3239} INFO - Sync 1 DAGs
[2025-01-02T05:20:16.301+0000] {logging_mixin.py:190} INFO - [2025-01-02T05:20:16.300+0000] {dag.py:4180} INFO - Setting next_dagrun for etl_reddit_pipeline to 2025-01-02 00:00:00+00:00, run_after=2025-01-03 00:00:00+00:00
[2025-01-02T05:20:16.319+0000] {processor.py:208} INFO - Processing /opt/airflow/dags/reddit_dag.py took 0.642 seconds
[2025-01-02T05:20:46.955+0000] {processor.py:186} INFO - Started process (PID=837) to work on /opt/airflow/dags/reddit_dag.py
[2025-01-02T05:20:46.960+0000] {processor.py:914} INFO - Processing file /opt/airflow/dags/reddit_dag.py for tasks to queue
[2025-01-02T05:20:46.968+0000] {logging_mixin.py:190} INFO - [2025-01-02T05:20:46.966+0000] {dagbag.py:588} INFO - Filling up the DagBag from /opt/airflow/dags/reddit_dag.py
[2025-01-02T05:20:49.412+0000] {processor.py:925} INFO - DAG(s) 'etl_reddit_pipeline' retrieved from /opt/airflow/dags/reddit_dag.py
[2025-01-02T05:20:49.546+0000] {logging_mixin.py:190} INFO - [2025-01-02T05:20:49.544+0000] {dag.py:3239} INFO - Sync 1 DAGs
[2025-01-02T05:20:49.665+0000] {logging_mixin.py:190} INFO - [2025-01-02T05:20:49.664+0000] {dag.py:4180} INFO - Setting next_dagrun for etl_reddit_pipeline to 2025-01-02 00:00:00+00:00, run_after=2025-01-03 00:00:00+00:00
[2025-01-02T05:20:49.750+0000] {processor.py:208} INFO - Processing /opt/airflow/dags/reddit_dag.py took 2.841 seconds
[2025-01-02T05:36:16.759+0000] {processor.py:186} INFO - Started process (PID=839) to work on /opt/airflow/dags/reddit_dag.py
[2025-01-02T05:36:16.761+0000] {processor.py:914} INFO - Processing file /opt/airflow/dags/reddit_dag.py for tasks to queue
[2025-01-02T05:36:16.766+0000] {logging_mixin.py:190} INFO - [2025-01-02T05:36:16.764+0000] {dagbag.py:588} INFO - Filling up the DagBag from /opt/airflow/dags/reddit_dag.py
[2025-01-02T05:36:17.402+0000] {processor.py:925} INFO - DAG(s) 'etl_reddit_pipeline' retrieved from /opt/airflow/dags/reddit_dag.py
[2025-01-02T05:36:17.434+0000] {logging_mixin.py:190} INFO - [2025-01-02T05:36:17.433+0000] {dag.py:3239} INFO - Sync 1 DAGs
[2025-01-02T05:36:17.469+0000] {logging_mixin.py:190} INFO - [2025-01-02T05:36:17.468+0000] {dag.py:4180} INFO - Setting next_dagrun for etl_reddit_pipeline to 2025-01-02 00:00:00+00:00, run_after=2025-01-03 00:00:00+00:00
[2025-01-02T05:36:17.503+0000] {processor.py:208} INFO - Processing /opt/airflow/dags/reddit_dag.py took 0.760 seconds
[2025-01-02T05:36:48.108+0000] {processor.py:186} INFO - Started process (PID=841) to work on /opt/airflow/dags/reddit_dag.py
[2025-01-02T05:36:48.113+0000] {processor.py:914} INFO - Processing file /opt/airflow/dags/reddit_dag.py for tasks to queue
[2025-01-02T05:36:48.121+0000] {logging_mixin.py:190} INFO - [2025-01-02T05:36:48.119+0000] {dagbag.py:588} INFO - Filling up the DagBag from /opt/airflow/dags/reddit_dag.py
[2025-01-02T05:36:50.165+0000] {processor.py:925} INFO - DAG(s) 'etl_reddit_pipeline' retrieved from /opt/airflow/dags/reddit_dag.py
[2025-01-02T05:36:50.304+0000] {logging_mixin.py:190} INFO - [2025-01-02T05:36:50.302+0000] {dag.py:3239} INFO - Sync 1 DAGs
[2025-01-02T05:36:50.497+0000] {logging_mixin.py:190} INFO - [2025-01-02T05:36:50.496+0000] {dag.py:4180} INFO - Setting next_dagrun for etl_reddit_pipeline to 2025-01-02 00:00:00+00:00, run_after=2025-01-03 00:00:00+00:00
[2025-01-02T05:36:50.577+0000] {processor.py:208} INFO - Processing /opt/airflow/dags/reddit_dag.py took 2.505 seconds
[2025-01-02T05:52:13.759+0000] {processor.py:186} INFO - Started process (PID=843) to work on /opt/airflow/dags/reddit_dag.py
[2025-01-02T05:52:13.770+0000] {processor.py:914} INFO - Processing file /opt/airflow/dags/reddit_dag.py for tasks to queue
[2025-01-02T05:52:13.778+0000] {logging_mixin.py:190} INFO - [2025-01-02T05:52:13.777+0000] {dagbag.py:588} INFO - Filling up the DagBag from /opt/airflow/dags/reddit_dag.py
[2025-01-02T05:52:14.486+0000] {processor.py:925} INFO - DAG(s) 'etl_reddit_pipeline' retrieved from /opt/airflow/dags/reddit_dag.py
[2025-01-02T05:52:14.528+0000] {logging_mixin.py:190} INFO - [2025-01-02T05:52:14.527+0000] {dag.py:3239} INFO - Sync 1 DAGs
[2025-01-02T05:52:14.563+0000] {logging_mixin.py:190} INFO - [2025-01-02T05:52:14.563+0000] {dag.py:4180} INFO - Setting next_dagrun for etl_reddit_pipeline to 2025-01-02 00:00:00+00:00, run_after=2025-01-03 00:00:00+00:00
[2025-01-02T05:52:14.587+0000] {processor.py:208} INFO - Processing /opt/airflow/dags/reddit_dag.py took 0.848 seconds
[2025-01-02T05:52:45.175+0000] {processor.py:186} INFO - Started process (PID=845) to work on /opt/airflow/dags/reddit_dag.py
[2025-01-02T05:52:45.180+0000] {processor.py:914} INFO - Processing file /opt/airflow/dags/reddit_dag.py for tasks to queue
[2025-01-02T05:52:45.188+0000] {logging_mixin.py:190} INFO - [2025-01-02T05:52:45.186+0000] {dagbag.py:588} INFO - Filling up the DagBag from /opt/airflow/dags/reddit_dag.py
[2025-01-02T05:52:47.415+0000] {processor.py:925} INFO - DAG(s) 'etl_reddit_pipeline' retrieved from /opt/airflow/dags/reddit_dag.py
[2025-01-02T05:52:47.554+0000] {logging_mixin.py:190} INFO - [2025-01-02T05:52:47.552+0000] {dag.py:3239} INFO - Sync 1 DAGs
[2025-01-02T05:52:47.687+0000] {logging_mixin.py:190} INFO - [2025-01-02T05:52:47.686+0000] {dag.py:4180} INFO - Setting next_dagrun for etl_reddit_pipeline to 2025-01-02 00:00:00+00:00, run_after=2025-01-03 00:00:00+00:00
[2025-01-02T05:52:47.781+0000] {processor.py:208} INFO - Processing /opt/airflow/dags/reddit_dag.py took 2.646 seconds
[2025-01-02T05:54:13.408+0000] {processor.py:186} INFO - Started process (PID=847) to work on /opt/airflow/dags/reddit_dag.py
[2025-01-02T05:54:13.409+0000] {processor.py:914} INFO - Processing file /opt/airflow/dags/reddit_dag.py for tasks to queue
[2025-01-02T05:54:13.411+0000] {logging_mixin.py:190} INFO - [2025-01-02T05:54:13.411+0000] {dagbag.py:588} INFO - Filling up the DagBag from /opt/airflow/dags/reddit_dag.py
[2025-01-02T05:54:14.256+0000] {processor.py:925} INFO - DAG(s) 'etl_reddit_pipeline' retrieved from /opt/airflow/dags/reddit_dag.py
[2025-01-02T05:54:14.283+0000] {logging_mixin.py:190} INFO - [2025-01-02T05:54:14.283+0000] {dag.py:3239} INFO - Sync 1 DAGs
[2025-01-02T05:54:14.314+0000] {logging_mixin.py:190} INFO - [2025-01-02T05:54:14.313+0000] {dag.py:4180} INFO - Setting next_dagrun for etl_reddit_pipeline to 2025-01-02 00:00:00+00:00, run_after=2025-01-03 00:00:00+00:00
[2025-01-02T05:54:14.336+0000] {processor.py:208} INFO - Processing /opt/airflow/dags/reddit_dag.py took 0.942 seconds
[2025-01-02T05:54:44.927+0000] {processor.py:186} INFO - Started process (PID=849) to work on /opt/airflow/dags/reddit_dag.py
[2025-01-02T05:54:44.932+0000] {processor.py:914} INFO - Processing file /opt/airflow/dags/reddit_dag.py for tasks to queue
[2025-01-02T05:54:44.940+0000] {logging_mixin.py:190} INFO - [2025-01-02T05:54:44.938+0000] {dagbag.py:588} INFO - Filling up the DagBag from /opt/airflow/dags/reddit_dag.py
[2025-01-02T05:54:46.958+0000] {processor.py:925} INFO - DAG(s) 'etl_reddit_pipeline' retrieved from /opt/airflow/dags/reddit_dag.py
[2025-01-02T05:54:47.082+0000] {logging_mixin.py:190} INFO - [2025-01-02T05:54:47.081+0000] {dag.py:3239} INFO - Sync 1 DAGs
[2025-01-02T05:54:47.257+0000] {logging_mixin.py:190} INFO - [2025-01-02T05:54:47.256+0000] {dag.py:4180} INFO - Setting next_dagrun for etl_reddit_pipeline to 2025-01-02 00:00:00+00:00, run_after=2025-01-03 00:00:00+00:00
[2025-01-02T05:54:47.346+0000] {processor.py:208} INFO - Processing /opt/airflow/dags/reddit_dag.py took 2.454 seconds
[2025-01-02T06:00:01.691+0000] {processor.py:186} INFO - Started process (PID=851) to work on /opt/airflow/dags/reddit_dag.py
[2025-01-02T06:00:01.692+0000] {processor.py:914} INFO - Processing file /opt/airflow/dags/reddit_dag.py for tasks to queue
[2025-01-02T06:00:01.698+0000] {logging_mixin.py:190} INFO - [2025-01-02T06:00:01.698+0000] {dagbag.py:588} INFO - Filling up the DagBag from /opt/airflow/dags/reddit_dag.py
[2025-01-02T06:00:02.324+0000] {processor.py:925} INFO - DAG(s) 'etl_reddit_pipeline' retrieved from /opt/airflow/dags/reddit_dag.py
[2025-01-02T06:00:02.356+0000] {logging_mixin.py:190} INFO - [2025-01-02T06:00:02.355+0000] {dag.py:3239} INFO - Sync 1 DAGs
[2025-01-02T06:00:02.383+0000] {logging_mixin.py:190} INFO - [2025-01-02T06:00:02.382+0000] {dag.py:4180} INFO - Setting next_dagrun for etl_reddit_pipeline to 2025-01-02 00:00:00+00:00, run_after=2025-01-03 00:00:00+00:00
[2025-01-02T06:00:02.399+0000] {processor.py:208} INFO - Processing /opt/airflow/dags/reddit_dag.py took 0.723 seconds
[2025-01-02T06:00:32.973+0000] {processor.py:186} INFO - Started process (PID=853) to work on /opt/airflow/dags/reddit_dag.py
[2025-01-02T06:00:32.978+0000] {processor.py:914} INFO - Processing file /opt/airflow/dags/reddit_dag.py for tasks to queue
[2025-01-02T06:00:32.986+0000] {logging_mixin.py:190} INFO - [2025-01-02T06:00:32.984+0000] {dagbag.py:588} INFO - Filling up the DagBag from /opt/airflow/dags/reddit_dag.py
[2025-01-02T06:00:35.055+0000] {processor.py:925} INFO - DAG(s) 'etl_reddit_pipeline' retrieved from /opt/airflow/dags/reddit_dag.py
[2025-01-02T06:00:35.180+0000] {logging_mixin.py:190} INFO - [2025-01-02T06:00:35.179+0000] {dag.py:3239} INFO - Sync 1 DAGs
[2025-01-02T06:00:35.347+0000] {logging_mixin.py:190} INFO - [2025-01-02T06:00:35.343+0000] {dag.py:4180} INFO - Setting next_dagrun for etl_reddit_pipeline to 2025-01-02 00:00:00+00:00, run_after=2025-01-03 00:00:00+00:00
[2025-01-02T06:00:35.435+0000] {processor.py:208} INFO - Processing /opt/airflow/dags/reddit_dag.py took 2.498 seconds
[2025-01-02T06:16:20.233+0000] {processor.py:186} INFO - Started process (PID=856) to work on /opt/airflow/dags/reddit_dag.py
[2025-01-02T06:16:20.235+0000] {processor.py:914} INFO - Processing file /opt/airflow/dags/reddit_dag.py for tasks to queue
[2025-01-02T06:16:20.238+0000] {logging_mixin.py:190} INFO - [2025-01-02T06:16:20.237+0000] {dagbag.py:588} INFO - Filling up the DagBag from /opt/airflow/dags/reddit_dag.py
[2025-01-02T06:16:20.694+0000] {processor.py:925} INFO - DAG(s) 'etl_reddit_pipeline' retrieved from /opt/airflow/dags/reddit_dag.py
[2025-01-02T06:16:20.719+0000] {logging_mixin.py:190} INFO - [2025-01-02T06:16:20.719+0000] {dag.py:3239} INFO - Sync 1 DAGs
[2025-01-02T06:16:20.740+0000] {logging_mixin.py:190} INFO - [2025-01-02T06:16:20.740+0000] {dag.py:4180} INFO - Setting next_dagrun for etl_reddit_pipeline to 2025-01-02 00:00:00+00:00, run_after=2025-01-03 00:00:00+00:00
[2025-01-02T06:16:20.754+0000] {processor.py:208} INFO - Processing /opt/airflow/dags/reddit_dag.py took 0.533 seconds
[2025-01-02T06:16:51.336+0000] {processor.py:186} INFO - Started process (PID=858) to work on /opt/airflow/dags/reddit_dag.py
[2025-01-02T06:16:51.341+0000] {processor.py:914} INFO - Processing file /opt/airflow/dags/reddit_dag.py for tasks to queue
[2025-01-02T06:16:51.349+0000] {logging_mixin.py:190} INFO - [2025-01-02T06:16:51.347+0000] {dagbag.py:588} INFO - Filling up the DagBag from /opt/airflow/dags/reddit_dag.py
[2025-01-02T06:16:53.443+0000] {processor.py:925} INFO - DAG(s) 'etl_reddit_pipeline' retrieved from /opt/airflow/dags/reddit_dag.py
[2025-01-02T06:16:53.564+0000] {logging_mixin.py:190} INFO - [2025-01-02T06:16:53.563+0000] {dag.py:3239} INFO - Sync 1 DAGs
[2025-01-02T06:16:53.682+0000] {logging_mixin.py:190} INFO - [2025-01-02T06:16:53.681+0000] {dag.py:4180} INFO - Setting next_dagrun for etl_reddit_pipeline to 2025-01-02 00:00:00+00:00, run_after=2025-01-03 00:00:00+00:00
[2025-01-02T06:16:53.760+0000] {processor.py:208} INFO - Processing /opt/airflow/dags/reddit_dag.py took 2.460 seconds
[2025-01-02T06:21:16.387+0000] {processor.py:186} INFO - Started process (PID=860) to work on /opt/airflow/dags/reddit_dag.py
[2025-01-02T06:21:16.388+0000] {processor.py:914} INFO - Processing file /opt/airflow/dags/reddit_dag.py for tasks to queue
[2025-01-02T06:21:16.390+0000] {logging_mixin.py:190} INFO - [2025-01-02T06:21:16.390+0000] {dagbag.py:588} INFO - Filling up the DagBag from /opt/airflow/dags/reddit_dag.py
[2025-01-02T06:21:17.133+0000] {processor.py:925} INFO - DAG(s) 'etl_reddit_pipeline' retrieved from /opt/airflow/dags/reddit_dag.py
[2025-01-02T06:21:17.160+0000] {logging_mixin.py:190} INFO - [2025-01-02T06:21:17.160+0000] {dag.py:3239} INFO - Sync 1 DAGs
[2025-01-02T06:21:17.195+0000] {logging_mixin.py:190} INFO - [2025-01-02T06:21:17.194+0000] {dag.py:4180} INFO - Setting next_dagrun for etl_reddit_pipeline to 2025-01-02 00:00:00+00:00, run_after=2025-01-03 00:00:00+00:00
[2025-01-02T06:21:17.216+0000] {processor.py:208} INFO - Processing /opt/airflow/dags/reddit_dag.py took 0.839 seconds
[2025-01-02T06:21:47.799+0000] {processor.py:186} INFO - Started process (PID=862) to work on /opt/airflow/dags/reddit_dag.py
[2025-01-02T06:21:47.804+0000] {processor.py:914} INFO - Processing file /opt/airflow/dags/reddit_dag.py for tasks to queue
[2025-01-02T06:21:47.812+0000] {logging_mixin.py:190} INFO - [2025-01-02T06:21:47.810+0000] {dagbag.py:588} INFO - Filling up the DagBag from /opt/airflow/dags/reddit_dag.py
[2025-01-02T06:21:49.830+0000] {processor.py:925} INFO - DAG(s) 'etl_reddit_pipeline' retrieved from /opt/airflow/dags/reddit_dag.py
[2025-01-02T06:21:49.961+0000] {logging_mixin.py:190} INFO - [2025-01-02T06:21:49.959+0000] {dag.py:3239} INFO - Sync 1 DAGs
[2025-01-02T06:21:50.088+0000] {logging_mixin.py:190} INFO - [2025-01-02T06:21:50.087+0000] {dag.py:4180} INFO - Setting next_dagrun for etl_reddit_pipeline to 2025-01-02 00:00:00+00:00, run_after=2025-01-03 00:00:00+00:00
[2025-01-02T06:21:50.226+0000] {processor.py:208} INFO - Processing /opt/airflow/dags/reddit_dag.py took 2.463 seconds
[2025-01-02T06:38:35.798+0000] {processor.py:186} INFO - Started process (PID=864) to work on /opt/airflow/dags/reddit_dag.py
[2025-01-02T06:38:35.799+0000] {processor.py:914} INFO - Processing file /opt/airflow/dags/reddit_dag.py for tasks to queue
[2025-01-02T06:38:35.804+0000] {logging_mixin.py:190} INFO - [2025-01-02T06:38:35.803+0000] {dagbag.py:588} INFO - Filling up the DagBag from /opt/airflow/dags/reddit_dag.py
[2025-01-02T06:38:36.744+0000] {processor.py:925} INFO - DAG(s) 'etl_reddit_pipeline' retrieved from /opt/airflow/dags/reddit_dag.py
[2025-01-02T06:38:36.780+0000] {logging_mixin.py:190} INFO - [2025-01-02T06:38:36.780+0000] {dag.py:3239} INFO - Sync 1 DAGs
[2025-01-02T06:38:36.825+0000] {logging_mixin.py:190} INFO - [2025-01-02T06:38:36.825+0000] {dag.py:4180} INFO - Setting next_dagrun for etl_reddit_pipeline to 2025-01-02 00:00:00+00:00, run_after=2025-01-03 00:00:00+00:00
[2025-01-02T06:38:36.851+0000] {processor.py:208} INFO - Processing /opt/airflow/dags/reddit_dag.py took 1.071 seconds
[2025-01-02T06:39:07.349+0000] {processor.py:186} INFO - Started process (PID=866) to work on /opt/airflow/dags/reddit_dag.py
[2025-01-02T06:39:07.353+0000] {processor.py:914} INFO - Processing file /opt/airflow/dags/reddit_dag.py for tasks to queue
[2025-01-02T06:39:07.361+0000] {logging_mixin.py:190} INFO - [2025-01-02T06:39:07.359+0000] {dagbag.py:588} INFO - Filling up the DagBag from /opt/airflow/dags/reddit_dag.py
[2025-01-02T06:39:09.434+0000] {processor.py:925} INFO - DAG(s) 'etl_reddit_pipeline' retrieved from /opt/airflow/dags/reddit_dag.py
[2025-01-02T06:39:09.568+0000] {logging_mixin.py:190} INFO - [2025-01-02T06:39:09.566+0000] {dag.py:3239} INFO - Sync 1 DAGs
[2025-01-02T06:39:09.697+0000] {logging_mixin.py:190} INFO - [2025-01-02T06:39:09.696+0000] {dag.py:4180} INFO - Setting next_dagrun for etl_reddit_pipeline to 2025-01-02 00:00:00+00:00, run_after=2025-01-03 00:00:00+00:00
[2025-01-02T06:39:09.786+0000] {processor.py:208} INFO - Processing /opt/airflow/dags/reddit_dag.py took 2.474 seconds
[2025-01-02T06:55:02.803+0000] {processor.py:186} INFO - Started process (PID=868) to work on /opt/airflow/dags/reddit_dag.py
[2025-01-02T06:55:02.804+0000] {processor.py:914} INFO - Processing file /opt/airflow/dags/reddit_dag.py for tasks to queue
[2025-01-02T06:55:02.807+0000] {logging_mixin.py:190} INFO - [2025-01-02T06:55:02.807+0000] {dagbag.py:588} INFO - Filling up the DagBag from /opt/airflow/dags/reddit_dag.py
[2025-01-02T06:55:03.309+0000] {processor.py:925} INFO - DAG(s) 'etl_reddit_pipeline' retrieved from /opt/airflow/dags/reddit_dag.py
[2025-01-02T06:55:03.341+0000] {logging_mixin.py:190} INFO - [2025-01-02T06:55:03.340+0000] {dag.py:3239} INFO - Sync 1 DAGs
[2025-01-02T06:55:03.372+0000] {logging_mixin.py:190} INFO - [2025-01-02T06:55:03.371+0000] {dag.py:4180} INFO - Setting next_dagrun for etl_reddit_pipeline to 2025-01-02 00:00:00+00:00, run_after=2025-01-03 00:00:00+00:00
[2025-01-02T06:55:03.392+0000] {processor.py:208} INFO - Processing /opt/airflow/dags/reddit_dag.py took 0.602 seconds
[2025-01-02T06:55:33.961+0000] {processor.py:186} INFO - Started process (PID=870) to work on /opt/airflow/dags/reddit_dag.py
[2025-01-02T06:55:33.967+0000] {processor.py:914} INFO - Processing file /opt/airflow/dags/reddit_dag.py for tasks to queue
[2025-01-02T06:55:33.975+0000] {logging_mixin.py:190} INFO - [2025-01-02T06:55:33.974+0000] {dagbag.py:588} INFO - Filling up the DagBag from /opt/airflow/dags/reddit_dag.py
[2025-01-02T06:55:35.978+0000] {processor.py:925} INFO - DAG(s) 'etl_reddit_pipeline' retrieved from /opt/airflow/dags/reddit_dag.py
[2025-01-02T06:55:36.100+0000] {logging_mixin.py:190} INFO - [2025-01-02T06:55:36.099+0000] {dag.py:3239} INFO - Sync 1 DAGs
[2025-01-02T06:55:36.283+0000] {logging_mixin.py:190} INFO - [2025-01-02T06:55:36.280+0000] {dag.py:4180} INFO - Setting next_dagrun for etl_reddit_pipeline to 2025-01-02 00:00:00+00:00, run_after=2025-01-03 00:00:00+00:00
[2025-01-02T06:55:36.371+0000] {processor.py:208} INFO - Processing /opt/airflow/dags/reddit_dag.py took 2.446 seconds
[2025-01-02T06:56:07.459+0000] {processor.py:186} INFO - Started process (PID=872) to work on /opt/airflow/dags/reddit_dag.py
[2025-01-02T06:56:07.460+0000] {processor.py:914} INFO - Processing file /opt/airflow/dags/reddit_dag.py for tasks to queue
[2025-01-02T06:56:07.461+0000] {logging_mixin.py:190} INFO - [2025-01-02T06:56:07.461+0000] {dagbag.py:588} INFO - Filling up the DagBag from /opt/airflow/dags/reddit_dag.py
[2025-01-02T06:56:07.897+0000] {processor.py:925} INFO - DAG(s) 'etl_reddit_pipeline' retrieved from /opt/airflow/dags/reddit_dag.py
[2025-01-02T06:56:07.927+0000] {logging_mixin.py:190} INFO - [2025-01-02T06:56:07.927+0000] {dag.py:3239} INFO - Sync 1 DAGs
[2025-01-02T06:56:07.952+0000] {logging_mixin.py:190} INFO - [2025-01-02T06:56:07.952+0000] {dag.py:4180} INFO - Setting next_dagrun for etl_reddit_pipeline to 2025-01-02 00:00:00+00:00, run_after=2025-01-03 00:00:00+00:00
[2025-01-02T06:56:07.969+0000] {processor.py:208} INFO - Processing /opt/airflow/dags/reddit_dag.py took 0.520 seconds
[2025-01-02T07:22:18.856+0000] {processor.py:186} INFO - Started process (PID=874) to work on /opt/airflow/dags/reddit_dag.py
[2025-01-02T07:22:18.860+0000] {processor.py:914} INFO - Processing file /opt/airflow/dags/reddit_dag.py for tasks to queue
[2025-01-02T07:22:18.875+0000] {logging_mixin.py:190} INFO - [2025-01-02T07:22:18.874+0000] {dagbag.py:588} INFO - Filling up the DagBag from /opt/airflow/dags/reddit_dag.py
[2025-01-02T07:22:19.614+0000] {processor.py:925} INFO - DAG(s) 'etl_reddit_pipeline' retrieved from /opt/airflow/dags/reddit_dag.py
[2025-01-02T07:22:19.647+0000] {logging_mixin.py:190} INFO - [2025-01-02T07:22:19.646+0000] {dag.py:3239} INFO - Sync 1 DAGs
[2025-01-02T07:22:19.676+0000] {logging_mixin.py:190} INFO - [2025-01-02T07:22:19.676+0000] {dag.py:4180} INFO - Setting next_dagrun for etl_reddit_pipeline to 2025-01-02 00:00:00+00:00, run_after=2025-01-03 00:00:00+00:00
[2025-01-02T07:22:20.025+0000] {processor.py:208} INFO - Processing /opt/airflow/dags/reddit_dag.py took 1.256 seconds
[2025-01-02T08:08:05.583+0000] {processor.py:186} INFO - Started process (PID=877) to work on /opt/airflow/dags/reddit_dag.py
[2025-01-02T08:08:05.584+0000] {processor.py:914} INFO - Processing file /opt/airflow/dags/reddit_dag.py for tasks to queue
[2025-01-02T08:08:05.587+0000] {logging_mixin.py:190} INFO - [2025-01-02T08:08:05.587+0000] {dagbag.py:588} INFO - Filling up the DagBag from /opt/airflow/dags/reddit_dag.py
[2025-01-02T08:08:06.063+0000] {processor.py:925} INFO - DAG(s) 'etl_reddit_pipeline' retrieved from /opt/airflow/dags/reddit_dag.py
[2025-01-02T08:08:06.090+0000] {logging_mixin.py:190} INFO - [2025-01-02T08:08:06.090+0000] {dag.py:3239} INFO - Sync 1 DAGs
[2025-01-02T08:08:06.251+0000] {logging_mixin.py:190} INFO - [2025-01-02T08:08:06.251+0000] {dag.py:4180} INFO - Setting next_dagrun for etl_reddit_pipeline to 2025-01-02 00:00:00+00:00, run_after=2025-01-03 00:00:00+00:00
[2025-01-02T08:08:06.268+0000] {processor.py:208} INFO - Processing /opt/airflow/dags/reddit_dag.py took 0.695 seconds
[2025-01-02T08:23:22.602+0000] {processor.py:186} INFO - Started process (PID=880) to work on /opt/airflow/dags/reddit_dag.py
[2025-01-02T08:23:22.604+0000] {processor.py:914} INFO - Processing file /opt/airflow/dags/reddit_dag.py for tasks to queue
[2025-01-02T08:23:22.607+0000] {logging_mixin.py:190} INFO - [2025-01-02T08:23:22.607+0000] {dagbag.py:588} INFO - Filling up the DagBag from /opt/airflow/dags/reddit_dag.py
[2025-01-02T08:23:23.350+0000] {processor.py:925} INFO - DAG(s) 'etl_reddit_pipeline' retrieved from /opt/airflow/dags/reddit_dag.py
[2025-01-02T08:23:23.391+0000] {logging_mixin.py:190} INFO - [2025-01-02T08:23:23.390+0000] {dag.py:3239} INFO - Sync 1 DAGs
[2025-01-02T08:23:23.426+0000] {logging_mixin.py:190} INFO - [2025-01-02T08:23:23.426+0000] {dag.py:4180} INFO - Setting next_dagrun for etl_reddit_pipeline to 2025-01-02 00:00:00+00:00, run_after=2025-01-03 00:00:00+00:00
[2025-01-02T08:23:23.490+0000] {processor.py:208} INFO - Processing /opt/airflow/dags/reddit_dag.py took 0.902 seconds
[2025-01-02T09:24:23.797+0000] {processor.py:186} INFO - Started process (PID=882) to work on /opt/airflow/dags/reddit_dag.py
[2025-01-02T09:24:23.798+0000] {processor.py:914} INFO - Processing file /opt/airflow/dags/reddit_dag.py for tasks to queue
[2025-01-02T09:24:23.802+0000] {logging_mixin.py:190} INFO - [2025-01-02T09:24:23.802+0000] {dagbag.py:588} INFO - Filling up the DagBag from /opt/airflow/dags/reddit_dag.py
[2025-01-02T09:24:24.355+0000] {processor.py:925} INFO - DAG(s) 'etl_reddit_pipeline' retrieved from /opt/airflow/dags/reddit_dag.py
[2025-01-02T09:24:24.391+0000] {logging_mixin.py:190} INFO - [2025-01-02T09:24:24.391+0000] {dag.py:3239} INFO - Sync 1 DAGs
[2025-01-02T09:24:24.420+0000] {logging_mixin.py:190} INFO - [2025-01-02T09:24:24.419+0000] {dag.py:4180} INFO - Setting next_dagrun for etl_reddit_pipeline to 2025-01-02 00:00:00+00:00, run_after=2025-01-03 00:00:00+00:00
[2025-01-02T09:24:24.444+0000] {processor.py:208} INFO - Processing /opt/airflow/dags/reddit_dag.py took 0.660 seconds
[2025-01-02T09:24:55.089+0000] {processor.py:186} INFO - Started process (PID=884) to work on /opt/airflow/dags/reddit_dag.py
[2025-01-02T09:24:55.094+0000] {processor.py:914} INFO - Processing file /opt/airflow/dags/reddit_dag.py for tasks to queue
[2025-01-02T09:24:55.106+0000] {logging_mixin.py:190} INFO - [2025-01-02T09:24:55.103+0000] {dagbag.py:588} INFO - Filling up the DagBag from /opt/airflow/dags/reddit_dag.py
[2025-01-02T09:28:00.741+0000] {logging_mixin.py:190} INFO - [2025-01-02T09:28:00.736+0000] {timeout.py:68} ERROR - Process timed out, PID: 884
[2025-01-02T09:28:31.285+0000] {processor.py:186} INFO - Started process (PID=886) to work on /opt/airflow/dags/reddit_dag.py
[2025-01-02T09:28:31.290+0000] {processor.py:914} INFO - Processing file /opt/airflow/dags/reddit_dag.py for tasks to queue
[2025-01-02T09:28:31.296+0000] {logging_mixin.py:190} INFO - [2025-01-02T09:28:31.294+0000] {dagbag.py:588} INFO - Filling up the DagBag from /opt/airflow/dags/reddit_dag.py
[2025-01-02T09:28:32.274+0000] {processor.py:925} INFO - DAG(s) 'etl_reddit_pipeline' retrieved from /opt/airflow/dags/reddit_dag.py
[2025-01-02T09:28:32.333+0000] {logging_mixin.py:190} INFO - [2025-01-02T09:28:32.332+0000] {dag.py:3239} INFO - Sync 1 DAGs
[2025-01-02T09:28:32.698+0000] {logging_mixin.py:190} INFO - [2025-01-02T09:28:32.698+0000] {dag.py:4180} INFO - Setting next_dagrun for etl_reddit_pipeline to 2025-01-02 00:00:00+00:00, run_after=2025-01-03 00:00:00+00:00
[2025-01-02T09:28:32.742+0000] {processor.py:208} INFO - Processing /opt/airflow/dags/reddit_dag.py took 1.487 seconds
[2025-01-02T09:29:03.049+0000] {processor.py:186} INFO - Started process (PID=888) to work on /opt/airflow/dags/reddit_dag.py
[2025-01-02T09:29:03.053+0000] {processor.py:914} INFO - Processing file /opt/airflow/dags/reddit_dag.py for tasks to queue
[2025-01-02T09:29:03.055+0000] {logging_mixin.py:190} INFO - [2025-01-02T09:29:03.055+0000] {dagbag.py:588} INFO - Filling up the DagBag from /opt/airflow/dags/reddit_dag.py
[2025-01-02T09:29:03.457+0000] {processor.py:925} INFO - DAG(s) 'etl_reddit_pipeline' retrieved from /opt/airflow/dags/reddit_dag.py
[2025-01-02T09:29:03.661+0000] {logging_mixin.py:190} INFO - [2025-01-02T09:29:03.661+0000] {dag.py:3239} INFO - Sync 1 DAGs
[2025-01-02T09:29:03.686+0000] {logging_mixin.py:190} INFO - [2025-01-02T09:29:03.686+0000] {dag.py:4180} INFO - Setting next_dagrun for etl_reddit_pipeline to 2025-01-02 00:00:00+00:00, run_after=2025-01-03 00:00:00+00:00
[2025-01-02T09:29:03.706+0000] {processor.py:208} INFO - Processing /opt/airflow/dags/reddit_dag.py took 0.685 seconds
[2025-01-02T09:29:33.865+0000] {processor.py:186} INFO - Started process (PID=890) to work on /opt/airflow/dags/reddit_dag.py
[2025-01-02T09:29:33.866+0000] {processor.py:914} INFO - Processing file /opt/airflow/dags/reddit_dag.py for tasks to queue
[2025-01-02T09:29:33.868+0000] {logging_mixin.py:190} INFO - [2025-01-02T09:29:33.868+0000] {dagbag.py:588} INFO - Filling up the DagBag from /opt/airflow/dags/reddit_dag.py
[2025-01-02T09:29:34.281+0000] {processor.py:925} INFO - DAG(s) 'etl_reddit_pipeline' retrieved from /opt/airflow/dags/reddit_dag.py
[2025-01-02T09:29:34.309+0000] {logging_mixin.py:190} INFO - [2025-01-02T09:29:34.309+0000] {dag.py:3239} INFO - Sync 1 DAGs
[2025-01-02T09:29:34.334+0000] {logging_mixin.py:190} INFO - [2025-01-02T09:29:34.334+0000] {dag.py:4180} INFO - Setting next_dagrun for etl_reddit_pipeline to 2025-01-02 00:00:00+00:00, run_after=2025-01-03 00:00:00+00:00
[2025-01-02T09:29:34.352+0000] {processor.py:208} INFO - Processing /opt/airflow/dags/reddit_dag.py took 0.507 seconds
[2025-01-02T09:30:04.633+0000] {processor.py:186} INFO - Started process (PID=892) to work on /opt/airflow/dags/reddit_dag.py
[2025-01-02T09:30:04.634+0000] {processor.py:914} INFO - Processing file /opt/airflow/dags/reddit_dag.py for tasks to queue
[2025-01-02T09:30:04.636+0000] {logging_mixin.py:190} INFO - [2025-01-02T09:30:04.636+0000] {dagbag.py:588} INFO - Filling up the DagBag from /opt/airflow/dags/reddit_dag.py
[2025-01-02T09:30:05.009+0000] {processor.py:925} INFO - DAG(s) 'etl_reddit_pipeline' retrieved from /opt/airflow/dags/reddit_dag.py
[2025-01-02T09:30:05.034+0000] {logging_mixin.py:190} INFO - [2025-01-02T09:30:05.033+0000] {dag.py:3239} INFO - Sync 1 DAGs
[2025-01-02T09:30:05.056+0000] {logging_mixin.py:190} INFO - [2025-01-02T09:30:05.056+0000] {dag.py:4180} INFO - Setting next_dagrun for etl_reddit_pipeline to 2025-01-02 00:00:00+00:00, run_after=2025-01-03 00:00:00+00:00
[2025-01-02T09:30:05.072+0000] {processor.py:208} INFO - Processing /opt/airflow/dags/reddit_dag.py took 0.461 seconds
[2025-01-02T09:30:35.335+0000] {processor.py:186} INFO - Started process (PID=894) to work on /opt/airflow/dags/reddit_dag.py
[2025-01-02T09:30:35.336+0000] {processor.py:914} INFO - Processing file /opt/airflow/dags/reddit_dag.py for tasks to queue
[2025-01-02T09:30:35.337+0000] {logging_mixin.py:190} INFO - [2025-01-02T09:30:35.337+0000] {dagbag.py:588} INFO - Filling up the DagBag from /opt/airflow/dags/reddit_dag.py
[2025-01-02T09:30:35.718+0000] {processor.py:925} INFO - DAG(s) 'etl_reddit_pipeline' retrieved from /opt/airflow/dags/reddit_dag.py
[2025-01-02T09:30:35.744+0000] {logging_mixin.py:190} INFO - [2025-01-02T09:30:35.744+0000] {dag.py:3239} INFO - Sync 1 DAGs
[2025-01-02T09:30:35.768+0000] {logging_mixin.py:190} INFO - [2025-01-02T09:30:35.768+0000] {dag.py:4180} INFO - Setting next_dagrun for etl_reddit_pipeline to 2025-01-02 00:00:00+00:00, run_after=2025-01-03 00:00:00+00:00
[2025-01-02T09:30:35.977+0000] {processor.py:208} INFO - Processing /opt/airflow/dags/reddit_dag.py took 0.650 seconds
[2025-01-02T09:31:06.115+0000] {processor.py:186} INFO - Started process (PID=896) to work on /opt/airflow/dags/reddit_dag.py
[2025-01-02T09:31:06.117+0000] {processor.py:914} INFO - Processing file /opt/airflow/dags/reddit_dag.py for tasks to queue
[2025-01-02T09:31:06.119+0000] {logging_mixin.py:190} INFO - [2025-01-02T09:31:06.119+0000] {dagbag.py:588} INFO - Filling up the DagBag from /opt/airflow/dags/reddit_dag.py
[2025-01-02T09:31:06.477+0000] {processor.py:925} INFO - DAG(s) 'etl_reddit_pipeline' retrieved from /opt/airflow/dags/reddit_dag.py
[2025-01-02T09:31:06.503+0000] {logging_mixin.py:190} INFO - [2025-01-02T09:31:06.502+0000] {dag.py:3239} INFO - Sync 1 DAGs
[2025-01-02T09:31:06.694+0000] {logging_mixin.py:190} INFO - [2025-01-02T09:31:06.694+0000] {dag.py:4180} INFO - Setting next_dagrun for etl_reddit_pipeline to 2025-01-02 00:00:00+00:00, run_after=2025-01-03 00:00:00+00:00
[2025-01-02T09:31:06.714+0000] {processor.py:208} INFO - Processing /opt/airflow/dags/reddit_dag.py took 0.612 seconds
[2025-01-02T09:31:36.998+0000] {processor.py:186} INFO - Started process (PID=898) to work on /opt/airflow/dags/reddit_dag.py
[2025-01-02T09:31:37.000+0000] {processor.py:914} INFO - Processing file /opt/airflow/dags/reddit_dag.py for tasks to queue
[2025-01-02T09:31:37.001+0000] {logging_mixin.py:190} INFO - [2025-01-02T09:31:37.001+0000] {dagbag.py:588} INFO - Filling up the DagBag from /opt/airflow/dags/reddit_dag.py
[2025-01-02T09:31:37.392+0000] {processor.py:925} INFO - DAG(s) 'etl_reddit_pipeline' retrieved from /opt/airflow/dags/reddit_dag.py
[2025-01-02T09:31:37.587+0000] {logging_mixin.py:190} INFO - [2025-01-02T09:31:37.587+0000] {dag.py:3239} INFO - Sync 1 DAGs
[2025-01-02T09:31:37.616+0000] {logging_mixin.py:190} INFO - [2025-01-02T09:31:37.616+0000] {dag.py:4180} INFO - Setting next_dagrun for etl_reddit_pipeline to 2025-01-02 00:00:00+00:00, run_after=2025-01-03 00:00:00+00:00
[2025-01-02T09:31:37.636+0000] {processor.py:208} INFO - Processing /opt/airflow/dags/reddit_dag.py took 0.645 seconds
[2025-01-02T09:32:07.747+0000] {processor.py:186} INFO - Started process (PID=900) to work on /opt/airflow/dags/reddit_dag.py
[2025-01-02T09:32:07.749+0000] {processor.py:914} INFO - Processing file /opt/airflow/dags/reddit_dag.py for tasks to queue
[2025-01-02T09:32:07.750+0000] {logging_mixin.py:190} INFO - [2025-01-02T09:32:07.750+0000] {dagbag.py:588} INFO - Filling up the DagBag from /opt/airflow/dags/reddit_dag.py
[2025-01-02T09:32:08.114+0000] {processor.py:925} INFO - DAG(s) 'etl_reddit_pipeline' retrieved from /opt/airflow/dags/reddit_dag.py
[2025-01-02T09:32:08.140+0000] {logging_mixin.py:190} INFO - [2025-01-02T09:32:08.140+0000] {dag.py:3239} INFO - Sync 1 DAGs
[2025-01-02T09:32:08.163+0000] {logging_mixin.py:190} INFO - [2025-01-02T09:32:08.163+0000] {dag.py:4180} INFO - Setting next_dagrun for etl_reddit_pipeline to 2025-01-02 00:00:00+00:00, run_after=2025-01-03 00:00:00+00:00
[2025-01-02T09:32:08.180+0000] {processor.py:208} INFO - Processing /opt/airflow/dags/reddit_dag.py took 0.441 seconds
[2025-01-02T11:32:14.095+0000] {processor.py:186} INFO - Started process (PID=902) to work on /opt/airflow/dags/reddit_dag.py
[2025-01-02T11:32:14.121+0000] {processor.py:914} INFO - Processing file /opt/airflow/dags/reddit_dag.py for tasks to queue
[2025-01-02T11:32:14.124+0000] {logging_mixin.py:190} INFO - [2025-01-02T11:32:14.123+0000] {dagbag.py:588} INFO - Filling up the DagBag from /opt/airflow/dags/reddit_dag.py
[2025-01-02T11:32:15.256+0000] {processor.py:925} INFO - DAG(s) 'etl_reddit_pipeline' retrieved from /opt/airflow/dags/reddit_dag.py
[2025-01-02T11:32:15.324+0000] {logging_mixin.py:190} INFO - [2025-01-02T11:32:15.323+0000] {dag.py:3239} INFO - Sync 1 DAGs
[2025-01-02T11:32:15.400+0000] {logging_mixin.py:190} INFO - [2025-01-02T11:32:15.400+0000] {dag.py:4180} INFO - Setting next_dagrun for etl_reddit_pipeline to 2025-01-02 00:00:00+00:00, run_after=2025-01-03 00:00:00+00:00
[2025-01-02T11:32:15.446+0000] {processor.py:208} INFO - Processing /opt/airflow/dags/reddit_dag.py took 1.377 seconds
[2025-01-02T12:33:23.601+0000] {processor.py:186} INFO - Started process (PID=904) to work on /opt/airflow/dags/reddit_dag.py
[2025-01-02T12:33:23.619+0000] {processor.py:914} INFO - Processing file /opt/airflow/dags/reddit_dag.py for tasks to queue
[2025-01-02T12:33:23.650+0000] {logging_mixin.py:190} INFO - [2025-01-02T12:33:23.646+0000] {dagbag.py:588} INFO - Filling up the DagBag from /opt/airflow/dags/reddit_dag.py
[2025-01-02T12:33:25.528+0000] {processor.py:925} INFO - DAG(s) 'etl_reddit_pipeline' retrieved from /opt/airflow/dags/reddit_dag.py
[2025-01-02T12:33:25.646+0000] {logging_mixin.py:190} INFO - [2025-01-02T12:33:25.645+0000] {dag.py:3239} INFO - Sync 1 DAGs
[2025-01-02T12:33:25.738+0000] {logging_mixin.py:190} INFO - [2025-01-02T12:33:25.737+0000] {dag.py:4180} INFO - Setting next_dagrun for etl_reddit_pipeline to 2025-01-02 00:00:00+00:00, run_after=2025-01-03 00:00:00+00:00
[2025-01-02T12:33:25.778+0000] {processor.py:208} INFO - Processing /opt/airflow/dags/reddit_dag.py took 2.217 seconds
[2025-01-02T13:34:31.134+0000] {processor.py:186} INFO - Started process (PID=906) to work on /opt/airflow/dags/reddit_dag.py
[2025-01-02T13:34:31.154+0000] {processor.py:914} INFO - Processing file /opt/airflow/dags/reddit_dag.py for tasks to queue
[2025-01-02T13:34:31.193+0000] {logging_mixin.py:190} INFO - [2025-01-02T13:34:31.177+0000] {dagbag.py:588} INFO - Filling up the DagBag from /opt/airflow/dags/reddit_dag.py
[2025-01-02T13:34:32.534+0000] {processor.py:925} INFO - DAG(s) 'etl_reddit_pipeline' retrieved from /opt/airflow/dags/reddit_dag.py
[2025-01-02T13:34:32.621+0000] {logging_mixin.py:190} INFO - [2025-01-02T13:34:32.620+0000] {dag.py:3239} INFO - Sync 1 DAGs
[2025-01-02T13:34:32.747+0000] {logging_mixin.py:190} INFO - [2025-01-02T13:34:32.746+0000] {dag.py:4180} INFO - Setting next_dagrun for etl_reddit_pipeline to 2025-01-02 00:00:00+00:00, run_after=2025-01-03 00:00:00+00:00
[2025-01-02T13:34:34.257+0000] {processor.py:208} INFO - Processing /opt/airflow/dags/reddit_dag.py took 3.185 seconds
[2025-01-02T13:35:04.681+0000] {processor.py:186} INFO - Started process (PID=908) to work on /opt/airflow/dags/reddit_dag.py
[2025-01-02T13:35:04.682+0000] {processor.py:914} INFO - Processing file /opt/airflow/dags/reddit_dag.py for tasks to queue
[2025-01-02T13:35:04.685+0000] {logging_mixin.py:190} INFO - [2025-01-02T13:35:04.684+0000] {dagbag.py:588} INFO - Filling up the DagBag from /opt/airflow/dags/reddit_dag.py
[2025-01-02T13:35:05.072+0000] {processor.py:925} INFO - DAG(s) 'etl_reddit_pipeline' retrieved from /opt/airflow/dags/reddit_dag.py
[2025-01-02T13:35:05.099+0000] {logging_mixin.py:190} INFO - [2025-01-02T13:35:05.098+0000] {dag.py:3239} INFO - Sync 1 DAGs
[2025-01-02T13:35:05.358+0000] {logging_mixin.py:190} INFO - [2025-01-02T13:35:05.358+0000] {dag.py:4180} INFO - Setting next_dagrun for etl_reddit_pipeline to 2025-01-02 00:00:00+00:00, run_after=2025-01-03 00:00:00+00:00
[2025-01-02T13:35:05.379+0000] {processor.py:208} INFO - Processing /opt/airflow/dags/reddit_dag.py took 0.707 seconds
[2025-01-02T14:35:41.543+0000] {processor.py:186} INFO - Started process (PID=910) to work on /opt/airflow/dags/reddit_dag.py
[2025-01-02T14:35:41.549+0000] {processor.py:914} INFO - Processing file /opt/airflow/dags/reddit_dag.py for tasks to queue
[2025-01-02T14:35:41.554+0000] {logging_mixin.py:190} INFO - [2025-01-02T14:35:41.553+0000] {dagbag.py:588} INFO - Filling up the DagBag from /opt/airflow/dags/reddit_dag.py
[2025-01-02T14:35:42.371+0000] {processor.py:925} INFO - DAG(s) 'etl_reddit_pipeline' retrieved from /opt/airflow/dags/reddit_dag.py
[2025-01-02T14:35:42.429+0000] {logging_mixin.py:190} INFO - [2025-01-02T14:35:42.429+0000] {dag.py:3239} INFO - Sync 1 DAGs
[2025-01-02T14:35:43.063+0000] {logging_mixin.py:190} INFO - [2025-01-02T14:35:43.062+0000] {dag.py:4180} INFO - Setting next_dagrun for etl_reddit_pipeline to 2025-01-02 00:00:00+00:00, run_after=2025-01-03 00:00:00+00:00
[2025-01-02T14:35:43.108+0000] {processor.py:208} INFO - Processing /opt/airflow/dags/reddit_dag.py took 1.597 seconds
[2025-01-02T14:36:13.396+0000] {processor.py:186} INFO - Started process (PID=912) to work on /opt/airflow/dags/reddit_dag.py
[2025-01-02T14:36:13.397+0000] {processor.py:914} INFO - Processing file /opt/airflow/dags/reddit_dag.py for tasks to queue
[2025-01-02T14:36:13.399+0000] {logging_mixin.py:190} INFO - [2025-01-02T14:36:13.398+0000] {dagbag.py:588} INFO - Filling up the DagBag from /opt/airflow/dags/reddit_dag.py
[2025-01-02T14:36:13.778+0000] {processor.py:925} INFO - DAG(s) 'etl_reddit_pipeline' retrieved from /opt/airflow/dags/reddit_dag.py
[2025-01-02T14:36:13.807+0000] {logging_mixin.py:190} INFO - [2025-01-02T14:36:13.807+0000] {dag.py:3239} INFO - Sync 1 DAGs
[2025-01-02T14:36:13.832+0000] {logging_mixin.py:190} INFO - [2025-01-02T14:36:13.832+0000] {dag.py:4180} INFO - Setting next_dagrun for etl_reddit_pipeline to 2025-01-02 00:00:00+00:00, run_after=2025-01-03 00:00:00+00:00
[2025-01-02T14:36:13.848+0000] {processor.py:208} INFO - Processing /opt/airflow/dags/reddit_dag.py took 0.461 seconds
[2025-01-02T15:36:51.820+0000] {processor.py:186} INFO - Started process (PID=914) to work on /opt/airflow/dags/reddit_dag.py
[2025-01-02T15:36:51.824+0000] {processor.py:914} INFO - Processing file /opt/airflow/dags/reddit_dag.py for tasks to queue
[2025-01-02T15:36:51.833+0000] {logging_mixin.py:190} INFO - [2025-01-02T15:36:51.832+0000] {dagbag.py:588} INFO - Filling up the DagBag from /opt/airflow/dags/reddit_dag.py
[2025-01-02T15:36:53.126+0000] {processor.py:925} INFO - DAG(s) 'etl_reddit_pipeline' retrieved from /opt/airflow/dags/reddit_dag.py
[2025-01-02T15:36:53.222+0000] {logging_mixin.py:190} INFO - [2025-01-02T15:36:53.221+0000] {dag.py:3239} INFO - Sync 1 DAGs
[2025-01-02T15:36:53.312+0000] {logging_mixin.py:190} INFO - [2025-01-02T15:36:53.311+0000] {dag.py:4180} INFO - Setting next_dagrun for etl_reddit_pipeline to 2025-01-02 00:00:00+00:00, run_after=2025-01-03 00:00:00+00:00
[2025-01-02T15:36:53.357+0000] {processor.py:208} INFO - Processing /opt/airflow/dags/reddit_dag.py took 1.559 seconds
[2025-01-02T16:21:11.965+0000] {processor.py:186} INFO - Started process (PID=916) to work on /opt/airflow/dags/reddit_dag.py
[2025-01-02T16:21:11.970+0000] {processor.py:914} INFO - Processing file /opt/airflow/dags/reddit_dag.py for tasks to queue
[2025-01-02T16:21:11.983+0000] {logging_mixin.py:190} INFO - [2025-01-02T16:21:11.980+0000] {dagbag.py:588} INFO - Filling up the DagBag from /opt/airflow/dags/reddit_dag.py
[2025-01-02T16:21:13.584+0000] {processor.py:925} INFO - DAG(s) 'etl_reddit_pipeline' retrieved from /opt/airflow/dags/reddit_dag.py
[2025-01-02T16:21:13.677+0000] {logging_mixin.py:190} INFO - [2025-01-02T16:21:13.676+0000] {dag.py:3239} INFO - Sync 1 DAGs
[2025-01-02T16:21:13.761+0000] {logging_mixin.py:190} INFO - [2025-01-02T16:21:13.760+0000] {dag.py:4180} INFO - Setting next_dagrun for etl_reddit_pipeline to 2025-01-02 00:00:00+00:00, run_after=2025-01-03 00:00:00+00:00
[2025-01-02T16:21:14.762+0000] {processor.py:208} INFO - Processing /opt/airflow/dags/reddit_dag.py took 2.854 seconds
[2025-01-02T16:21:45.175+0000] {processor.py:186} INFO - Started process (PID=918) to work on /opt/airflow/dags/reddit_dag.py
[2025-01-02T16:21:45.177+0000] {processor.py:914} INFO - Processing file /opt/airflow/dags/reddit_dag.py for tasks to queue
[2025-01-02T16:21:45.179+0000] {logging_mixin.py:190} INFO - [2025-01-02T16:21:45.178+0000] {dagbag.py:588} INFO - Filling up the DagBag from /opt/airflow/dags/reddit_dag.py
[2025-01-02T16:21:45.549+0000] {processor.py:925} INFO - DAG(s) 'etl_reddit_pipeline' retrieved from /opt/airflow/dags/reddit_dag.py
[2025-01-02T16:21:45.597+0000] {logging_mixin.py:190} INFO - [2025-01-02T16:21:45.597+0000] {dag.py:3239} INFO - Sync 1 DAGs
[2025-01-02T16:21:45.778+0000] {logging_mixin.py:190} INFO - [2025-01-02T16:21:45.777+0000] {dag.py:4180} INFO - Setting next_dagrun for etl_reddit_pipeline to 2025-01-02 00:00:00+00:00, run_after=2025-01-03 00:00:00+00:00
[2025-01-02T16:21:45.798+0000] {processor.py:208} INFO - Processing /opt/airflow/dags/reddit_dag.py took 0.632 seconds
[2025-01-02T16:38:05.232+0000] {processor.py:186} INFO - Started process (PID=920) to work on /opt/airflow/dags/reddit_dag.py
[2025-01-02T16:38:05.235+0000] {processor.py:914} INFO - Processing file /opt/airflow/dags/reddit_dag.py for tasks to queue
[2025-01-02T16:38:05.239+0000] {logging_mixin.py:190} INFO - [2025-01-02T16:38:05.238+0000] {dagbag.py:588} INFO - Filling up the DagBag from /opt/airflow/dags/reddit_dag.py
[2025-01-02T16:38:05.987+0000] {processor.py:925} INFO - DAG(s) 'etl_reddit_pipeline' retrieved from /opt/airflow/dags/reddit_dag.py
[2025-01-02T16:38:06.061+0000] {logging_mixin.py:190} INFO - [2025-01-02T16:38:06.060+0000] {dag.py:3239} INFO - Sync 1 DAGs
[2025-01-02T16:38:06.588+0000] {logging_mixin.py:190} INFO - [2025-01-02T16:38:06.588+0000] {dag.py:4180} INFO - Setting next_dagrun for etl_reddit_pipeline to 2025-01-02 00:00:00+00:00, run_after=2025-01-03 00:00:00+00:00
[2025-01-02T16:38:06.609+0000] {processor.py:208} INFO - Processing /opt/airflow/dags/reddit_dag.py took 1.397 seconds
[2025-01-02T17:32:26.071+0000] {processor.py:186} INFO - Started process (PID=922) to work on /opt/airflow/dags/reddit_dag.py
[2025-01-02T17:32:26.073+0000] {processor.py:914} INFO - Processing file /opt/airflow/dags/reddit_dag.py for tasks to queue
[2025-01-02T17:32:26.080+0000] {logging_mixin.py:190} INFO - [2025-01-02T17:32:26.078+0000] {dagbag.py:588} INFO - Filling up the DagBag from /opt/airflow/dags/reddit_dag.py
[2025-01-02T17:32:26.984+0000] {processor.py:925} INFO - DAG(s) 'etl_reddit_pipeline' retrieved from /opt/airflow/dags/reddit_dag.py
[2025-01-02T17:32:27.546+0000] {logging_mixin.py:190} INFO - [2025-01-02T17:32:27.545+0000] {dag.py:3239} INFO - Sync 1 DAGs
[2025-01-02T17:32:27.622+0000] {logging_mixin.py:190} INFO - [2025-01-02T17:32:27.621+0000] {dag.py:4180} INFO - Setting next_dagrun for etl_reddit_pipeline to 2025-01-02 00:00:00+00:00, run_after=2025-01-03 00:00:00+00:00
[2025-01-02T17:32:27.679+0000] {processor.py:208} INFO - Processing /opt/airflow/dags/reddit_dag.py took 1.641 seconds
[2025-01-02T17:38:54.946+0000] {processor.py:186} INFO - Started process (PID=924) to work on /opt/airflow/dags/reddit_dag.py
[2025-01-02T17:38:54.948+0000] {processor.py:914} INFO - Processing file /opt/airflow/dags/reddit_dag.py for tasks to queue
[2025-01-02T17:38:54.952+0000] {logging_mixin.py:190} INFO - [2025-01-02T17:38:54.951+0000] {dagbag.py:588} INFO - Filling up the DagBag from /opt/airflow/dags/reddit_dag.py
[2025-01-02T17:38:55.619+0000] {processor.py:925} INFO - DAG(s) 'etl_reddit_pipeline' retrieved from /opt/airflow/dags/reddit_dag.py
[2025-01-02T17:38:55.651+0000] {logging_mixin.py:190} INFO - [2025-01-02T17:38:55.651+0000] {dag.py:3239} INFO - Sync 1 DAGs
[2025-01-02T17:38:55.679+0000] {logging_mixin.py:190} INFO - [2025-01-02T17:38:55.679+0000] {dag.py:4180} INFO - Setting next_dagrun for etl_reddit_pipeline to 2025-01-02 00:00:00+00:00, run_after=2025-01-03 00:00:00+00:00
[2025-01-02T17:38:55.694+0000] {processor.py:208} INFO - Processing /opt/airflow/dags/reddit_dag.py took 0.775 seconds
[2025-01-02T18:00:01.924+0000] {processor.py:186} INFO - Started process (PID=926) to work on /opt/airflow/dags/reddit_dag.py
[2025-01-02T18:00:01.926+0000] {processor.py:914} INFO - Processing file /opt/airflow/dags/reddit_dag.py for tasks to queue
[2025-01-02T18:00:01.939+0000] {logging_mixin.py:190} INFO - [2025-01-02T18:00:01.938+0000] {dagbag.py:588} INFO - Filling up the DagBag from /opt/airflow/dags/reddit_dag.py
[2025-01-02T18:00:02.739+0000] {processor.py:925} INFO - DAG(s) 'etl_reddit_pipeline' retrieved from /opt/airflow/dags/reddit_dag.py
[2025-01-02T18:00:02.770+0000] {logging_mixin.py:190} INFO - [2025-01-02T18:00:02.770+0000] {dag.py:3239} INFO - Sync 1 DAGs
[2025-01-02T18:00:02.835+0000] {logging_mixin.py:190} INFO - [2025-01-02T18:00:02.834+0000] {dag.py:4180} INFO - Setting next_dagrun for etl_reddit_pipeline to 2025-01-02 00:00:00+00:00, run_after=2025-01-03 00:00:00+00:00
[2025-01-02T18:00:02.854+0000] {processor.py:208} INFO - Processing /opt/airflow/dags/reddit_dag.py took 0.956 seconds
[2025-01-02T18:39:59.426+0000] {processor.py:186} INFO - Started process (PID=930) to work on /opt/airflow/dags/reddit_dag.py
[2025-01-02T18:39:59.428+0000] {processor.py:914} INFO - Processing file /opt/airflow/dags/reddit_dag.py for tasks to queue
[2025-01-02T18:39:59.432+0000] {logging_mixin.py:190} INFO - [2025-01-02T18:39:59.432+0000] {dagbag.py:588} INFO - Filling up the DagBag from /opt/airflow/dags/reddit_dag.py
[2025-01-02T18:40:00.006+0000] {processor.py:925} INFO - DAG(s) 'etl_reddit_pipeline' retrieved from /opt/airflow/dags/reddit_dag.py
[2025-01-02T18:40:00.033+0000] {logging_mixin.py:190} INFO - [2025-01-02T18:40:00.033+0000] {dag.py:3239} INFO - Sync 1 DAGs
[2025-01-02T18:40:00.054+0000] {logging_mixin.py:190} INFO - [2025-01-02T18:40:00.054+0000] {dag.py:4180} INFO - Setting next_dagrun for etl_reddit_pipeline to 2025-01-02 00:00:00+00:00, run_after=2025-01-03 00:00:00+00:00
[2025-01-02T18:40:00.070+0000] {processor.py:208} INFO - Processing /opt/airflow/dags/reddit_dag.py took 0.655 seconds
[2025-01-02T19:40:59.090+0000] {processor.py:186} INFO - Started process (PID=932) to work on /opt/airflow/dags/reddit_dag.py
[2025-01-02T19:40:59.093+0000] {processor.py:914} INFO - Processing file /opt/airflow/dags/reddit_dag.py for tasks to queue
[2025-01-02T19:40:59.118+0000] {logging_mixin.py:190} INFO - [2025-01-02T19:40:59.097+0000] {dagbag.py:588} INFO - Filling up the DagBag from /opt/airflow/dags/reddit_dag.py
[2025-01-02T19:41:00.385+0000] {processor.py:925} INFO - DAG(s) 'etl_reddit_pipeline' retrieved from /opt/airflow/dags/reddit_dag.py
[2025-01-02T19:41:00.427+0000] {logging_mixin.py:190} INFO - [2025-01-02T19:41:00.426+0000] {dag.py:3239} INFO - Sync 1 DAGs
[2025-01-02T19:41:00.465+0000] {logging_mixin.py:190} INFO - [2025-01-02T19:41:00.465+0000] {dag.py:4180} INFO - Setting next_dagrun for etl_reddit_pipeline to 2025-01-02 00:00:00+00:00, run_after=2025-01-03 00:00:00+00:00
[2025-01-02T19:41:00.496+0000] {processor.py:208} INFO - Processing /opt/airflow/dags/reddit_dag.py took 1.425 seconds
[2025-01-02T19:41:30.688+0000] {processor.py:186} INFO - Started process (PID=934) to work on /opt/airflow/dags/reddit_dag.py
[2025-01-02T19:41:30.693+0000] {processor.py:914} INFO - Processing file /opt/airflow/dags/reddit_dag.py for tasks to queue
[2025-01-02T19:41:30.701+0000] {logging_mixin.py:190} INFO - [2025-01-02T19:41:30.699+0000] {dagbag.py:588} INFO - Filling up the DagBag from /opt/airflow/dags/reddit_dag.py
[2025-01-02T19:41:33.280+0000] {processor.py:925} INFO - DAG(s) 'etl_reddit_pipeline' retrieved from /opt/airflow/dags/reddit_dag.py
[2025-01-02T19:41:33.389+0000] {logging_mixin.py:190} INFO - [2025-01-02T19:41:33.388+0000] {dag.py:3239} INFO - Sync 1 DAGs
[2025-01-02T19:41:33.490+0000] {logging_mixin.py:190} INFO - [2025-01-02T19:41:33.490+0000] {dag.py:4180} INFO - Setting next_dagrun for etl_reddit_pipeline to 2025-01-02 00:00:00+00:00, run_after=2025-01-03 00:00:00+00:00
[2025-01-02T19:41:33.562+0000] {processor.py:208} INFO - Processing /opt/airflow/dags/reddit_dag.py took 2.910 seconds
[2025-01-02T20:00:02.800+0000] {processor.py:186} INFO - Started process (PID=936) to work on /opt/airflow/dags/reddit_dag.py
[2025-01-02T20:00:02.802+0000] {processor.py:914} INFO - Processing file /opt/airflow/dags/reddit_dag.py for tasks to queue
[2025-01-02T20:00:02.810+0000] {logging_mixin.py:190} INFO - [2025-01-02T20:00:02.809+0000] {dagbag.py:588} INFO - Filling up the DagBag from /opt/airflow/dags/reddit_dag.py
[2025-01-02T20:00:03.851+0000] {processor.py:925} INFO - DAG(s) 'etl_reddit_pipeline' retrieved from /opt/airflow/dags/reddit_dag.py
[2025-01-02T20:00:03.903+0000] {logging_mixin.py:190} INFO - [2025-01-02T20:00:03.903+0000] {dag.py:3239} INFO - Sync 1 DAGs
[2025-01-02T20:00:03.958+0000] {logging_mixin.py:190} INFO - [2025-01-02T20:00:03.957+0000] {dag.py:4180} INFO - Setting next_dagrun for etl_reddit_pipeline to 2025-01-02 00:00:00+00:00, run_after=2025-01-03 00:00:00+00:00
[2025-01-02T20:00:03.992+0000] {processor.py:208} INFO - Processing /opt/airflow/dags/reddit_dag.py took 1.211 seconds
[2025-01-02T20:42:00.892+0000] {processor.py:186} INFO - Started process (PID=938) to work on /opt/airflow/dags/reddit_dag.py
[2025-01-02T20:42:00.895+0000] {processor.py:914} INFO - Processing file /opt/airflow/dags/reddit_dag.py for tasks to queue
[2025-01-02T20:42:00.898+0000] {logging_mixin.py:190} INFO - [2025-01-02T20:42:00.897+0000] {dagbag.py:588} INFO - Filling up the DagBag from /opt/airflow/dags/reddit_dag.py
[2025-01-02T20:42:01.637+0000] {processor.py:925} INFO - DAG(s) 'etl_reddit_pipeline' retrieved from /opt/airflow/dags/reddit_dag.py
[2025-01-02T20:42:01.663+0000] {logging_mixin.py:190} INFO - [2025-01-02T20:42:01.663+0000] {dag.py:3239} INFO - Sync 1 DAGs
[2025-01-02T20:42:01.689+0000] {logging_mixin.py:190} INFO - [2025-01-02T20:42:01.688+0000] {dag.py:4180} INFO - Setting next_dagrun for etl_reddit_pipeline to 2025-01-02 00:00:00+00:00, run_after=2025-01-03 00:00:00+00:00
[2025-01-02T20:42:01.709+0000] {processor.py:208} INFO - Processing /opt/airflow/dags/reddit_dag.py took 0.831 seconds
[2025-01-02T20:44:36.850+0000] {processor.py:186} INFO - Started process (PID=940) to work on /opt/airflow/dags/reddit_dag.py
[2025-01-02T20:44:36.870+0000] {processor.py:914} INFO - Processing file /opt/airflow/dags/reddit_dag.py for tasks to queue
[2025-01-02T20:44:36.881+0000] {logging_mixin.py:190} INFO - [2025-01-02T20:44:36.880+0000] {dagbag.py:588} INFO - Filling up the DagBag from /opt/airflow/dags/reddit_dag.py
[2025-01-02T20:44:38.590+0000] {processor.py:925} INFO - DAG(s) 'etl_reddit_pipeline' retrieved from /opt/airflow/dags/reddit_dag.py
[2025-01-02T20:44:38.642+0000] {logging_mixin.py:190} INFO - [2025-01-02T20:44:38.641+0000] {dag.py:3239} INFO - Sync 1 DAGs
[2025-01-02T20:44:38.685+0000] {logging_mixin.py:190} INFO - [2025-01-02T20:44:38.684+0000] {dag.py:4180} INFO - Setting next_dagrun for etl_reddit_pipeline to 2025-01-02 00:00:00+00:00, run_after=2025-01-03 00:00:00+00:00
[2025-01-02T20:44:38.710+0000] {processor.py:208} INFO - Processing /opt/airflow/dags/reddit_dag.py took 1.896 seconds
[2025-01-02T20:45:09.039+0000] {processor.py:186} INFO - Started process (PID=942) to work on /opt/airflow/dags/reddit_dag.py
[2025-01-02T20:45:09.040+0000] {processor.py:914} INFO - Processing file /opt/airflow/dags/reddit_dag.py for tasks to queue
[2025-01-02T20:45:09.041+0000] {logging_mixin.py:190} INFO - [2025-01-02T20:45:09.041+0000] {dagbag.py:588} INFO - Filling up the DagBag from /opt/airflow/dags/reddit_dag.py
[2025-01-02T20:45:09.631+0000] {processor.py:925} INFO - DAG(s) 'etl_reddit_pipeline' retrieved from /opt/airflow/dags/reddit_dag.py
[2025-01-02T20:45:09.659+0000] {logging_mixin.py:190} INFO - [2025-01-02T20:45:09.658+0000] {dag.py:3239} INFO - Sync 1 DAGs
[2025-01-02T20:45:09.681+0000] {logging_mixin.py:190} INFO - [2025-01-02T20:45:09.680+0000] {dag.py:4180} INFO - Setting next_dagrun for etl_reddit_pipeline to 2025-01-02 00:00:00+00:00, run_after=2025-01-03 00:00:00+00:00
[2025-01-02T20:45:09.696+0000] {processor.py:208} INFO - Processing /opt/airflow/dags/reddit_dag.py took 0.668 seconds
[2025-01-02T22:45:16.934+0000] {processor.py:186} INFO - Started process (PID=944) to work on /opt/airflow/dags/reddit_dag.py
[2025-01-02T22:45:16.936+0000] {processor.py:914} INFO - Processing file /opt/airflow/dags/reddit_dag.py for tasks to queue
[2025-01-02T22:45:16.940+0000] {logging_mixin.py:190} INFO - [2025-01-02T22:45:16.939+0000] {dagbag.py:588} INFO - Filling up the DagBag from /opt/airflow/dags/reddit_dag.py
[2025-01-02T22:45:17.755+0000] {processor.py:925} INFO - DAG(s) 'etl_reddit_pipeline' retrieved from /opt/airflow/dags/reddit_dag.py
[2025-01-02T22:45:17.808+0000] {logging_mixin.py:190} INFO - [2025-01-02T22:45:17.807+0000] {dag.py:3239} INFO - Sync 1 DAGs
[2025-01-02T22:45:17.852+0000] {logging_mixin.py:190} INFO - [2025-01-02T22:45:17.851+0000] {dag.py:4180} INFO - Setting next_dagrun for etl_reddit_pipeline to 2025-01-02 00:00:00+00:00, run_after=2025-01-03 00:00:00+00:00
[2025-01-02T22:45:17.884+0000] {processor.py:208} INFO - Processing /opt/airflow/dags/reddit_dag.py took 0.963 seconds
[2025-01-02T22:45:48.642+0000] {processor.py:186} INFO - Started process (PID=946) to work on /opt/airflow/dags/reddit_dag.py
[2025-01-02T22:45:48.649+0000] {processor.py:914} INFO - Processing file /opt/airflow/dags/reddit_dag.py for tasks to queue
[2025-01-02T22:45:48.658+0000] {logging_mixin.py:190} INFO - [2025-01-02T22:45:48.656+0000] {dagbag.py:588} INFO - Filling up the DagBag from /opt/airflow/dags/reddit_dag.py
[2025-01-02T22:45:51.410+0000] {processor.py:925} INFO - DAG(s) 'etl_reddit_pipeline' retrieved from /opt/airflow/dags/reddit_dag.py
[2025-01-02T22:45:51.529+0000] {logging_mixin.py:190} INFO - [2025-01-02T22:45:51.527+0000] {dag.py:3239} INFO - Sync 1 DAGs
[2025-01-02T22:45:51.645+0000] {logging_mixin.py:190} INFO - [2025-01-02T22:45:51.643+0000] {dag.py:4180} INFO - Setting next_dagrun for etl_reddit_pipeline to 2025-01-02 00:00:00+00:00, run_after=2025-01-03 00:00:00+00:00
[2025-01-02T22:45:51.729+0000] {processor.py:208} INFO - Processing /opt/airflow/dags/reddit_dag.py took 3.122 seconds
[2025-01-02T23:46:18.650+0000] {processor.py:186} INFO - Started process (PID=950) to work on /opt/airflow/dags/reddit_dag.py
[2025-01-02T23:46:18.652+0000] {processor.py:914} INFO - Processing file /opt/airflow/dags/reddit_dag.py for tasks to queue
[2025-01-02T23:46:18.655+0000] {logging_mixin.py:190} INFO - [2025-01-02T23:46:18.655+0000] {dagbag.py:588} INFO - Filling up the DagBag from /opt/airflow/dags/reddit_dag.py
[2025-01-02T23:46:19.890+0000] {processor.py:925} INFO - DAG(s) 'etl_reddit_pipeline' retrieved from /opt/airflow/dags/reddit_dag.py
[2025-01-02T23:46:19.932+0000] {logging_mixin.py:190} INFO - [2025-01-02T23:46:19.931+0000] {dag.py:3239} INFO - Sync 1 DAGs
[2025-01-02T23:46:19.967+0000] {logging_mixin.py:190} INFO - [2025-01-02T23:46:19.967+0000] {dag.py:4180} INFO - Setting next_dagrun for etl_reddit_pipeline to 2025-01-02 00:00:00+00:00, run_after=2025-01-03 00:00:00+00:00
[2025-01-02T23:46:19.991+0000] {processor.py:208} INFO - Processing /opt/airflow/dags/reddit_dag.py took 1.353 seconds
[2025-01-02T23:46:50.584+0000] {processor.py:186} INFO - Started process (PID=952) to work on /opt/airflow/dags/reddit_dag.py
[2025-01-02T23:46:50.589+0000] {processor.py:914} INFO - Processing file /opt/airflow/dags/reddit_dag.py for tasks to queue
[2025-01-02T23:46:50.597+0000] {logging_mixin.py:190} INFO - [2025-01-02T23:46:50.595+0000] {dagbag.py:588} INFO - Filling up the DagBag from /opt/airflow/dags/reddit_dag.py
[2025-01-02T23:46:53.246+0000] {processor.py:925} INFO - DAG(s) 'etl_reddit_pipeline' retrieved from /opt/airflow/dags/reddit_dag.py
[2025-01-02T23:46:53.358+0000] {logging_mixin.py:190} INFO - [2025-01-02T23:46:53.356+0000] {dag.py:3239} INFO - Sync 1 DAGs
[2025-01-02T23:46:53.469+0000] {logging_mixin.py:190} INFO - [2025-01-02T23:46:53.468+0000] {dag.py:4180} INFO - Setting next_dagrun for etl_reddit_pipeline to 2025-01-02 00:00:00+00:00, run_after=2025-01-03 00:00:00+00:00
[2025-01-02T23:46:53.554+0000] {processor.py:208} INFO - Processing /opt/airflow/dags/reddit_dag.py took 3.005 seconds
