[2024-12-27T03:56:52.623+0000] {local_task_job_runner.py:123} INFO - ::group::Pre task execution logs
[2024-12-27T03:56:52.655+0000] {taskinstance.py:2613} INFO - Dependencies all met for dep_context=non-requeueable deps ti=<TaskInstance: etl_reddit_pipeline.reddit_extraction manual__2024-12-27T03:56:51.365659+00:00 [queued]>
[2024-12-27T03:56:52.668+0000] {taskinstance.py:2613} INFO - Dependencies all met for dep_context=requeueable deps ti=<TaskInstance: etl_reddit_pipeline.reddit_extraction manual__2024-12-27T03:56:51.365659+00:00 [queued]>
[2024-12-27T03:56:52.669+0000] {taskinstance.py:2866} INFO - Starting attempt 1 of 1
[2024-12-27T03:56:52.685+0000] {taskinstance.py:2889} INFO - Executing <Task(PythonOperator): reddit_extraction> on 2024-12-27 03:56:51.365659+00:00
[2024-12-27T03:56:52.691+0000] {standard_task_runner.py:72} INFO - Started process 86 to run task
[2024-12-27T03:56:52.697+0000] {standard_task_runner.py:104} INFO - Running: ['airflow', 'tasks', 'run', 'etl_reddit_pipeline', 'reddit_extraction', 'manual__2024-12-27T03:56:51.365659+00:00', '--job-id', '27', '--raw', '--subdir', 'DAGS_FOLDER/reddit_dag.py', '--cfg-path', '/tmp/tmp9z_h8n2s']
[2024-12-27T03:56:52.699+0000] {standard_task_runner.py:105} INFO - Job 27: Subtask reddit_extraction
[2024-12-27T03:56:52.793+0000] {task_command.py:467} INFO - Running <TaskInstance: etl_reddit_pipeline.reddit_extraction manual__2024-12-27T03:56:51.365659+00:00 [running]> on host 63d7446a5576
[2024-12-27T03:56:52.885+0000] {taskinstance.py:3132} INFO - Exporting env vars: AIRFLOW_CTX_DAG_OWNER='Joseph DiLullo' AIRFLOW_CTX_DAG_ID='etl_reddit_pipeline' AIRFLOW_CTX_TASK_ID='reddit_extraction' AIRFLOW_CTX_EXECUTION_DATE='2024-12-27T03:56:51.365659+00:00' AIRFLOW_CTX_TRY_NUMBER='1' AIRFLOW_CTX_DAG_RUN_ID='manual__2024-12-27T03:56:51.365659+00:00'
[2024-12-27T03:56:52.886+0000] {taskinstance.py:731} INFO - ::endgroup::
[2024-12-27T03:56:52.906+0000] {logging_mixin.py:190} INFO - We are connected to Reddit
[2024-12-27T03:56:52.907+0000] {logging_mixin.py:190} INFO - Fetching posts from subreddit: dataengineering, time_filter: day, limit: 100
[2024-12-27T03:56:52.908+0000] {logging_mixin.py:190} INFO - <praw.models.listing.generator.ListingGenerator object at 0x7f9a4fdb0ac0>
[2024-12-27T03:56:53.168+0000] {logging_mixin.py:190} INFO - Error retrieving posts: received 401 HTTP response
[2024-12-27T03:56:53.169+0000] {python.py:240} INFO - Done. Returned value was: None
[2024-12-27T03:56:53.179+0000] {taskinstance.py:340} INFO - ::group::Post task execution logs
[2024-12-27T03:56:53.180+0000] {taskinstance.py:352} INFO - Marking task as SUCCESS. dag_id=etl_reddit_pipeline, task_id=reddit_extraction, run_id=manual__2024-12-27T03:56:51.365659+00:00, execution_date=20241227T035651, start_date=20241227T035652, end_date=20241227T035653
[2024-12-27T03:56:53.210+0000] {local_task_job_runner.py:266} INFO - Task exited with return code 0
[2024-12-27T03:56:53.227+0000] {taskinstance.py:3895} INFO - 0 downstream tasks scheduled from follow-on schedule check
[2024-12-27T03:56:53.229+0000] {local_task_job_runner.py:245} INFO - ::endgroup::
