[2024-12-27T04:25:32.283+0000] {local_task_job_runner.py:123} INFO - ::group::Pre task execution logs
[2024-12-27T04:25:32.301+0000] {taskinstance.py:2613} INFO - Dependencies all met for dep_context=non-requeueable deps ti=<TaskInstance: etl_reddit_pipeline.reddit_extraction manual__2024-12-27T04:25:31.208927+00:00 [queued]>
[2024-12-27T04:25:32.308+0000] {taskinstance.py:2613} INFO - Dependencies all met for dep_context=requeueable deps ti=<TaskInstance: etl_reddit_pipeline.reddit_extraction manual__2024-12-27T04:25:31.208927+00:00 [queued]>
[2024-12-27T04:25:32.309+0000] {taskinstance.py:2866} INFO - Starting attempt 1 of 1
[2024-12-27T04:25:32.319+0000] {taskinstance.py:2889} INFO - Executing <Task(PythonOperator): reddit_extraction> on 2024-12-27 04:25:31.208927+00:00
[2024-12-27T04:25:32.334+0000] {standard_task_runner.py:72} INFO - Started process 69 to run task
[2024-12-27T04:25:32.341+0000] {standard_task_runner.py:104} INFO - Running: ['airflow', 'tasks', 'run', 'etl_reddit_pipeline', 'reddit_extraction', 'manual__2024-12-27T04:25:31.208927+00:00', '--job-id', '36', '--raw', '--subdir', 'DAGS_FOLDER/reddit_dag.py', '--cfg-path', '/tmp/tmpjufb_l5e']
[2024-12-27T04:25:32.342+0000] {standard_task_runner.py:105} INFO - Job 36: Subtask reddit_extraction
[2024-12-27T04:25:32.696+0000] {task_command.py:467} INFO - Running <TaskInstance: etl_reddit_pipeline.reddit_extraction manual__2024-12-27T04:25:31.208927+00:00 [running]> on host 61e195cb3176
[2024-12-27T04:25:33.200+0000] {taskinstance.py:3132} INFO - Exporting env vars: AIRFLOW_CTX_DAG_OWNER='Joseph DiLullo' AIRFLOW_CTX_DAG_ID='etl_reddit_pipeline' AIRFLOW_CTX_TASK_ID='reddit_extraction' AIRFLOW_CTX_EXECUTION_DATE='2024-12-27T04:25:31.208927+00:00' AIRFLOW_CTX_TRY_NUMBER='1' AIRFLOW_CTX_DAG_RUN_ID='manual__2024-12-27T04:25:31.208927+00:00'
[2024-12-27T04:25:33.209+0000] {taskinstance.py:731} INFO - ::endgroup::
[2024-12-27T04:25:33.278+0000] {logging_mixin.py:190} INFO - We are connected to Reddit
[2024-12-27T04:25:33.282+0000] {logging_mixin.py:190} INFO - Type of 'posts': <class 'praw.models.listing.generator.ListingGenerator'>
[2024-12-27T04:25:33.301+0000] {logging_mixin.py:190} INFO - Posts object: <praw.models.listing.generator.ListingGenerator object at 0x7f8093314b20>
[2024-12-27T04:25:33.302+0000] {python.py:240} INFO - Done. Returned value was: None
[2024-12-27T04:25:33.357+0000] {taskinstance.py:340} INFO - ::group::Post task execution logs
[2024-12-27T04:25:33.358+0000] {taskinstance.py:352} INFO - Marking task as SUCCESS. dag_id=etl_reddit_pipeline, task_id=reddit_extraction, run_id=manual__2024-12-27T04:25:31.208927+00:00, execution_date=20241227T042531, start_date=20241227T042532, end_date=20241227T042533
[2024-12-27T04:25:33.428+0000] {local_task_job_runner.py:266} INFO - Task exited with return code 0
[2024-12-27T04:25:33.449+0000] {taskinstance.py:3895} INFO - 0 downstream tasks scheduled from follow-on schedule check
[2024-12-27T04:25:33.451+0000] {local_task_job_runner.py:245} INFO - ::endgroup::
